2020-06-15 10:11:05.752  INFO 24312 --- [restartedMain] c.t.marketplace.MarketplaceApplication   : Starting MarketplaceApplication on TECHGRATA-DEVPC1 with PID 24312 (C:\development\tlims\tlimskechapi\target\classes started by goodluck.ndumanya in C:\development\tlims\tlimskechapi)
2020-06-15 10:11:05.756  INFO 24312 --- [restartedMain] c.t.marketplace.MarketplaceApplication   : The following profiles are active: dev
2020-06-15 10:11:05.808  INFO 24312 --- [restartedMain] ConfigServletWebServerApplicationContext : Refreshing org.springframework.boot.web.servlet.context.AnnotationConfigServletWebServerApplicationContext@3bc1abd2: startup date [Mon Jun 15 10:11:05 WAT 2020]; root of context hierarchy
2020-06-15 10:11:09.068  INFO 24312 --- [restartedMain] f.a.AutowiredAnnotationBeanPostProcessor : JSR-330 'javax.inject.Inject' annotation found and supported for autowiring
2020-06-15 10:11:09.205  INFO 24312 --- [restartedMain] trationDelegate$BeanPostProcessorChecker : Bean 'org.springframework.transaction.annotation.ProxyTransactionManagementConfiguration' of type [org.springframework.transaction.annotation.ProxyTransactionManagementConfiguration$$EnhancerBySpringCGLIB$$5b5033f5] is not eligible for getting processed by all BeanPostProcessors (for example: not eligible for auto-proxying)
2020-06-15 10:11:09.237  INFO 24312 --- [restartedMain] trationDelegate$BeanPostProcessorChecker : Bean 'org.springframework.security.config.annotation.configuration.ObjectPostProcessorConfiguration' of type [org.springframework.security.config.annotation.configuration.ObjectPostProcessorConfiguration$$EnhancerBySpringCGLIB$$f3fdfc2f] is not eligible for getting processed by all BeanPostProcessors (for example: not eligible for auto-proxying)
2020-06-15 10:11:09.244  INFO 24312 --- [restartedMain] trationDelegate$BeanPostProcessorChecker : Bean 'objectPostProcessor' of type [org.springframework.security.config.annotation.configuration.AutowireBeanFactoryObjectPostProcessor] is not eligible for getting processed by all BeanPostProcessors (for example: not eligible for auto-proxying)
2020-06-15 10:11:09.246  INFO 24312 --- [restartedMain] trationDelegate$BeanPostProcessorChecker : Bean 'org.springframework.security.access.expression.method.DefaultMethodSecurityExpressionHandler@1af37c60' of type [org.springframework.security.access.expression.method.DefaultMethodSecurityExpressionHandler] is not eligible for getting processed by all BeanPostProcessors (for example: not eligible for auto-proxying)
2020-06-15 10:11:09.253  INFO 24312 --- [restartedMain] trationDelegate$BeanPostProcessorChecker : Bean 'org.springframework.security.config.annotation.method.configuration.GlobalMethodSecurityConfiguration' of type [org.springframework.security.config.annotation.method.configuration.GlobalMethodSecurityConfiguration$$EnhancerBySpringCGLIB$$18d29ee1] is not eligible for getting processed by all BeanPostProcessors (for example: not eligible for auto-proxying)
2020-06-15 10:11:09.260  INFO 24312 --- [restartedMain] trationDelegate$BeanPostProcessorChecker : Bean 'methodSecurityMetadataSource' of type [org.springframework.security.access.method.DelegatingMethodSecurityMetadataSource] is not eligible for getting processed by all BeanPostProcessors (for example: not eligible for auto-proxying)
2020-06-15 10:11:09.833  INFO 24312 --- [restartedMain] o.s.b.w.embedded.tomcat.TomcatWebServer  : Tomcat initialized with port(s): 9000 (http)
2020-06-15 10:11:09.851  INFO 24312 --- [restartedMain] o.apache.catalina.core.StandardService   : Starting service [Tomcat]
2020-06-15 10:11:09.852  INFO 24312 --- [restartedMain] org.apache.catalina.core.StandardEngine  : Starting Servlet Engine: Apache Tomcat/8.5.32
2020-06-15 10:11:09.855  INFO 24312 --- [localhost-startStop-1] o.a.catalina.core.AprLifecycleListener   : The APR based Apache Tomcat Native library which allows optimal performance in production environments was not found on the java.library.path: [C:\Program Files\Java\jdk1.8.0_202\bin;C:\WINDOWS\Sun\Java\bin;C:\WINDOWS\system32;C:\WINDOWS;C:\Python27\;C:\Python27\Scripts;C:\Program Files (x86)\Common Files\Oracle\Java\javapath;C:\WINDOWS\system32;C:\WINDOWS;C:\WINDOWS\System32\Wbem;C:\WINDOWS\System32\WindowsPowerShell\v1.0\;C:\WINDOWS\System32\OpenSSH\;C:\Program Files\Dart\dart-sdk\bin;C:\Users\goodluck.ndumanya\Documents\installables\apache-maven-3.6.3\bin;C:\Program Files\Java\jdk1.8.0_202\bin;C:\google-cloud-sdk\bin;C:\PostgreSQL\pg10\bin;C:\Program Files\MongoDB\Server\4.2\bin;C:\Program Files\nodejs\;C:\ProgramData\chocolatey\bin;C:\Program Files\mosquitto;C:\windows\system32;;C:\Program Files\Docker\Docker\resources\bin;C:\ProgramData\DockerDesktop\version-bin;C:\Program Files\PuTTY\;C:\Users\goodluck.ndumanya\AppData\Local\Microsoft\WindowsApps;C:\Users\goodluck.ndumanya\AppData\Local\Programs\Git\cmd;C:\Program Files\heroku\bin;C:\flutter\bin;C:\Users\goodluck.ndumanya\AppData\Roaming\npm;C:\Users\goodluck.ndumanya\AppData\Local\Programs\Microsoft VS Code\bin;C:\Users\goodluck.ndumanya\AppData\Local\GitHubDesktop\bin;.]
2020-06-15 10:11:10.043  INFO 24312 --- [localhost-startStop-1] o.a.c.c.C.[Tomcat].[localhost].[/]       : Initializing Spring embedded WebApplicationContext
2020-06-15 10:11:10.044  INFO 24312 --- [localhost-startStop-1] o.s.web.context.ContextLoader            : Root WebApplicationContext: initialization completed in 4236 ms
2020-06-15 10:11:10.775  INFO 24312 --- [localhost-startStop-1] o.s.b.w.servlet.FilterRegistrationBean   : Mapping filter: 'characterEncodingFilter' to: [/*]
2020-06-15 10:11:10.776  INFO 24312 --- [localhost-startStop-1] o.s.b.w.servlet.FilterRegistrationBean   : Mapping filter: 'webMvcMetricsFilter' to: [/*]
2020-06-15 10:11:10.776  INFO 24312 --- [localhost-startStop-1] o.s.b.w.servlet.FilterRegistrationBean   : Mapping filter: 'hiddenHttpMethodFilter' to: [/*]
2020-06-15 10:11:10.776  INFO 24312 --- [localhost-startStop-1] o.s.b.w.servlet.FilterRegistrationBean   : Mapping filter: 'httpPutFormContentFilter' to: [/*]
2020-06-15 10:11:10.776  INFO 24312 --- [localhost-startStop-1] o.s.b.w.servlet.FilterRegistrationBean   : Mapping filter: 'requestContextFilter' to: [/*]
2020-06-15 10:11:10.776  INFO 24312 --- [localhost-startStop-1] .s.DelegatingFilterProxyRegistrationBean : Mapping filter: 'springSecurityFilterChain' to: [/*]
2020-06-15 10:11:10.776  INFO 24312 --- [localhost-startStop-1] o.s.b.w.servlet.FilterRegistrationBean   : Mapping filter: 'httpTraceFilter' to: [/*]
2020-06-15 10:11:10.777  INFO 24312 --- [localhost-startStop-1] o.s.b.w.servlet.ServletRegistrationBean  : Servlet dispatcherServlet mapped to [/]
2020-06-15 10:11:10.959  INFO 24312 --- [restartedMain] j.LocalContainerEntityManagerFactoryBean : Building JPA container EntityManagerFactory for persistence unit 'default'
2020-06-15 10:11:10.970  INFO 24312 --- [restartedMain] o.hibernate.jpa.internal.util.LogHelper  : HHH000204: Processing PersistenceUnitInfo [
	name: default
	...]
2020-06-15 10:11:11.036  INFO 24312 --- [restartedMain] org.hibernate.Version                    : HHH000412: Hibernate Core {5.2.17.Final}
2020-06-15 10:11:11.037  INFO 24312 --- [restartedMain] org.hibernate.cfg.Environment            : HHH000206: hibernate.properties not found
2020-06-15 10:11:11.083  INFO 24312 --- [restartedMain] o.hibernate.annotations.common.Version   : HCANN000001: Hibernate Commons Annotations {5.0.1.Final}
2020-06-15 10:11:11.251  INFO 24312 --- [restartedMain] com.zaxxer.hikari.HikariDataSource       : HikariPool-1 - Starting...
2020-06-15 10:11:11.409  INFO 24312 --- [restartedMain] com.zaxxer.hikari.HikariDataSource       : HikariPool-1 - Start completed.
2020-06-15 10:11:11.431  INFO 24312 --- [restartedMain] org.hibernate.dialect.Dialect            : HHH000400: Using dialect: org.hibernate.dialect.MySQL5Dialect
2020-06-15 10:11:11.578  WARN 24312 --- [restartedMain] org.hibernate.cfg.AnnotationBinder       : HHH000457: Joined inheritance hierarchy [com.tlimskech.marketplace.ad.Ad] defined explicit @DiscriminatorColumn.  Legacy Hibernate behavior was to ignore the @DiscriminatorColumn.  However, as part of issue HHH-6911 we now apply the explicit @DiscriminatorColumn.  If you would prefer the legacy behavior, enable the `hibernate.discriminator.ignore_explicit_for_joined` setting (hibernate.discriminator.ignore_explicit_for_joined=true)
2020-06-15 10:11:12.988  INFO 24312 --- [restartedMain] j.LocalContainerEntityManagerFactoryBean : Initialized JPA EntityManagerFactory for persistence unit 'default'
2020-06-15 10:11:13.580  INFO 24312 --- [restartedMain] o.h.h.i.QueryTranslatorFactoryInitiator  : HHH000397: Using ASTQueryTranslatorFactory
2020-06-15 10:11:15.095  INFO 24312 --- [restartedMain] o.s.s.web.DefaultSecurityFilterChain     : Creating filter chain: Ant [pattern='/assets/**'], []
2020-06-15 10:11:15.095  INFO 24312 --- [restartedMain] o.s.s.web.DefaultSecurityFilterChain     : Creating filter chain: Ant [pattern='/resources/**'], []
2020-06-15 10:11:15.096  INFO 24312 --- [restartedMain] o.s.s.web.DefaultSecurityFilterChain     : Creating filter chain: Ant [pattern='/static/**'], []
2020-06-15 10:11:15.096  INFO 24312 --- [restartedMain] o.s.s.web.DefaultSecurityFilterChain     : Creating filter chain: Ant [pattern='/css/**'], []
2020-06-15 10:11:15.096  INFO 24312 --- [restartedMain] o.s.s.web.DefaultSecurityFilterChain     : Creating filter chain: Ant [pattern='/js/**'], []
2020-06-15 10:11:15.096  INFO 24312 --- [restartedMain] o.s.s.web.DefaultSecurityFilterChain     : Creating filter chain: Ant [pattern='/images/**'], []
2020-06-15 10:11:15.166  INFO 24312 --- [restartedMain] o.s.s.web.DefaultSecurityFilterChain     : Creating filter chain: org.springframework.security.web.util.matcher.AnyRequestMatcher@1, [org.springframework.security.web.context.request.async.WebAsyncManagerIntegrationFilter@28627d05, org.springframework.security.web.context.SecurityContextPersistenceFilter@5838078a, org.springframework.security.web.header.HeaderWriterFilter@13b2d13f, org.springframework.security.web.authentication.logout.LogoutFilter@dc8779d, com.tlimskech.marketplace.security.config.CorsConfig@16ce2a24, com.tlimskech.marketplace.security.login.SecurityAuthenticationTokenFilter@303c2f81, com.tlimskech.marketplace.security.AppTokenAuthenticationProcessingFilter@1dbfd975, org.springframework.security.web.savedrequest.RequestCacheAwareFilter@23a69e41, org.springframework.security.web.servletapi.SecurityContextHolderAwareRequestFilter@67bafffb, org.springframework.security.web.authentication.AnonymousAuthenticationFilter@268e0592, org.springframework.security.web.session.SessionManagementFilter@182641c4, org.springframework.security.web.access.ExceptionTranslationFilter@b94acf3, org.springframework.security.web.access.intercept.FilterSecurityInterceptor@c6cb001]
2020-06-15 10:11:15.281  INFO 24312 --- [restartedMain] o.s.w.s.handler.SimpleUrlHandlerMapping  : Mapped URL path [/**/favicon.ico] onto handler of type [class org.springframework.web.servlet.resource.ResourceHttpRequestHandler]
2020-06-15 10:11:15.365  INFO 24312 --- [restartedMain] s.w.s.m.m.a.RequestMappingHandlerAdapter : Looking for @ControllerAdvice: org.springframework.boot.web.servlet.context.AnnotationConfigServletWebServerApplicationContext@3bc1abd2: startup date [Mon Jun 15 10:11:05 WAT 2020]; root of context hierarchy
2020-06-15 10:11:15.405  WARN 24312 --- [restartedMain] aWebConfiguration$JpaWebMvcConfiguration : spring.jpa.open-in-view is enabled by default. Therefore, database queries may be performed during view rendering. Explicitly configure spring.jpa.open-in-view to disable this warning
2020-06-15 10:11:15.439  INFO 24312 --- [restartedMain] s.w.s.m.m.a.RequestMappingHandlerMapping : Mapped "{[/ads/categoryCode/{catCode}],methods=[GET]}" onto public org.springframework.http.ResponseEntity<?> com.tlimskech.marketplace.ad.AdController.findById(java.lang.String)
2020-06-15 10:11:15.440  INFO 24312 --- [restartedMain] s.w.s.m.m.a.RequestMappingHandlerMapping : Mapped "{[/ads/findById/{id}],methods=[GET]}" onto public org.springframework.http.ResponseEntity<?> com.tlimskech.marketplace.ad.AdController.findById(java.lang.Long)
2020-06-15 10:11:15.440  INFO 24312 --- [restartedMain] s.w.s.m.m.a.RequestMappingHandlerMapping : Mapped "{[/ads/archivedAds],methods=[POST]}" onto public org.springframework.http.ResponseEntity<?> com.tlimskech.marketplace.ad.AdController.archivedAds(com.tlimskech.marketplace.core.data.SearchRequest)
2020-06-15 10:11:15.440  INFO 24312 --- [restartedMain] s.w.s.m.m.a.RequestMappingHandlerMapping : Mapped "{[/ads/globalSearch],methods=[POST]}" onto public org.springframework.http.ResponseEntity<?> com.tlimskech.marketplace.ad.AdController.globalSearch(com.tlimskech.marketplace.core.data.SearchRequest)
2020-06-15 10:11:15.441  INFO 24312 --- [restartedMain] s.w.s.m.m.a.RequestMappingHandlerMapping : Mapped "{[/ads/featuredAds],methods=[POST]}" onto public org.springframework.http.ResponseEntity<?> com.tlimskech.marketplace.ad.AdController.featuredAds(com.tlimskech.marketplace.core.data.SearchRequest)
2020-06-15 10:11:15.441  INFO 24312 --- [restartedMain] s.w.s.m.m.a.RequestMappingHandlerMapping : Mapped "{[/ads/featuredOrNot],methods=[POST]}" onto public org.springframework.http.ResponseEntity<?> com.tlimskech.marketplace.ad.AdController.featuredOrNot(com.tlimskech.marketplace.ad.Ad)
2020-06-15 10:11:15.441  INFO 24312 --- [restartedMain] s.w.s.m.m.a.RequestMappingHandlerMapping : Mapped "{[/ads/advanceAdListing],methods=[POST]}" onto public org.springframework.http.ResponseEntity<?> com.tlimskech.marketplace.ad.AdController.adListing(com.tlimskech.marketplace.core.data.NTuple)
2020-06-15 10:11:15.442  INFO 24312 --- [restartedMain] s.w.s.m.m.a.RequestMappingHandlerMapping : Mapped "{[/ads/declinedAds],methods=[POST]}" onto public org.springframework.http.ResponseEntity<?> com.tlimskech.marketplace.ad.AdController.declinedAds(com.tlimskech.marketplace.core.data.SearchRequest)
2020-06-15 10:11:15.442  INFO 24312 --- [restartedMain] s.w.s.m.m.a.RequestMappingHandlerMapping : Mapped "{[/ads/adSponsored],methods=[POST]}" onto public org.springframework.http.ResponseEntity<?> com.tlimskech.marketplace.ad.AdController.sponsoredAds(com.tlimskech.marketplace.core.data.SearchRequest)
2020-06-15 10:11:15.442  INFO 24312 --- [restartedMain] s.w.s.m.m.a.RequestMappingHandlerMapping : Mapped "{[/ads/adList],methods=[POST]}" onto public org.springframework.http.ResponseEntity<?> com.tlimskech.marketplace.ad.AdController.adList(com.tlimskech.marketplace.core.data.SearchRequest)
2020-06-15 10:11:15.442  INFO 24312 --- [restartedMain] s.w.s.m.m.a.RequestMappingHandlerMapping : Mapped "{[/ads/adListAdvance],methods=[POST]}" onto public org.springframework.http.ResponseEntity<?> com.tlimskech.marketplace.ad.AdController.adList(com.tlimskech.marketplace.ad.Ad)
2020-06-15 10:11:15.443  INFO 24312 --- [restartedMain] s.w.s.m.m.a.RequestMappingHandlerMapping : Mapped "{[/ads/adHistory],methods=[POST]}" onto public org.springframework.http.ResponseEntity<?> com.tlimskech.marketplace.ad.AdController.adHistory(com.tlimskech.marketplace.core.data.SearchRequest)
2020-06-15 10:11:15.443  INFO 24312 --- [restartedMain] s.w.s.m.m.a.RequestMappingHandlerMapping : Mapped "{[/ads/approveAd],methods=[POST]}" onto public org.springframework.http.ResponseEntity<?> com.tlimskech.marketplace.ad.AdController.approve(com.tlimskech.marketplace.ad.Ad)
2020-06-15 10:11:15.444  INFO 24312 --- [restartedMain] s.w.s.m.m.a.RequestMappingHandlerMapping : Mapped "{[/ads/pendingAds],methods=[POST]}" onto public org.springframework.http.ResponseEntity<?> com.tlimskech.marketplace.ad.AdController.pendingAds(com.tlimskech.marketplace.core.data.SearchRequest)
2020-06-15 10:11:15.444  INFO 24312 --- [restartedMain] s.w.s.m.m.a.RequestMappingHandlerMapping : Mapped "{[/ads/rejectAd],methods=[POST]}" onto public org.springframework.http.ResponseEntity<?> com.tlimskech.marketplace.ad.AdController.rejectAd(com.tlimskech.marketplace.ad.Ad)
2020-06-15 10:11:15.444  INFO 24312 --- [restartedMain] s.w.s.m.m.a.RequestMappingHandlerMapping : Mapped "{[/ads/toggleSponsored],methods=[POST]}" onto public org.springframework.http.ResponseEntity<?> com.tlimskech.marketplace.ad.AdController.sponsoredOrNot(com.tlimskech.marketplace.ad.Ad)
2020-06-15 10:11:15.445  INFO 24312 --- [restartedMain] s.w.s.m.m.a.RequestMappingHandlerMapping : Mapped "{[/ads/activateOrDeactivate],methods=[POST]}" onto public org.springframework.http.ResponseEntity<?> com.tlimskech.marketplace.ad.AdController.activateOrDeactivateAd(com.tlimskech.marketplace.ad.Ad)
2020-06-15 10:11:15.447  INFO 24312 --- [restartedMain] s.w.s.m.m.a.RequestMappingHandlerMapping : Mapped "{[/auth/verify/{code}],methods=[GET]}" onto public org.springframework.http.ResponseEntity<?> com.tlimskech.marketplace.auth.AuthController.verifyUser(java.lang.String)
2020-06-15 10:11:15.447  INFO 24312 --- [restartedMain] s.w.s.m.m.a.RequestMappingHandlerMapping : Mapped "{[/auth/fbLogin],methods=[GET]}" onto public org.springframework.http.ResponseEntity<?> com.tlimskech.marketplace.auth.AuthController.fbLogin(java.lang.String)
2020-06-15 10:11:15.448  INFO 24312 --- [restartedMain] s.w.s.m.m.a.RequestMappingHandlerMapping : Mapped "{[/auth/create],methods=[POST]}" onto public org.springframework.http.ResponseEntity<?> com.tlimskech.marketplace.auth.AuthController.createUser(com.tlimskech.marketplace.auth.user.User)
2020-06-15 10:11:15.450  INFO 24312 --- [restartedMain] s.w.s.m.m.a.RequestMappingHandlerMapping : Mapped "{[/api/users/findByUsername/{username}],methods=[GET]}" onto public org.springframework.http.ResponseEntity<?> com.tlimskech.marketplace.auth.user.UserController.findByUsername(java.lang.String)
2020-06-15 10:11:15.450  INFO 24312 --- [restartedMain] s.w.s.m.m.a.RequestMappingHandlerMapping : Mapped "{[/api/users/update],methods=[POST]}" onto public org.springframework.http.ResponseEntity<?> com.tlimskech.marketplace.auth.user.UserController.updateUser(com.tlimskech.marketplace.auth.user.User)
2020-06-15 10:11:15.451  INFO 24312 --- [restartedMain] s.w.s.m.m.a.RequestMappingHandlerMapping : Mapped "{[/api/users/changePassword],methods=[POST]}" onto public org.springframework.http.ResponseEntity<?> com.tlimskech.marketplace.auth.user.UserController.updateUser(com.tlimskech.marketplace.auth.data.ChangePasswordRequest)
2020-06-15 10:11:15.451  INFO 24312 --- [restartedMain] s.w.s.m.m.a.RequestMappingHandlerMapping : Mapped "{[/api/users/create],methods=[POST]}" onto public org.springframework.http.ResponseEntity<?> com.tlimskech.marketplace.auth.user.UserController.createUser(com.tlimskech.marketplace.auth.user.User)
2020-06-15 10:11:15.451  INFO 24312 --- [restartedMain] s.w.s.m.m.a.RequestMappingHandlerMapping : Mapped "{[/api/users/listUserAds],methods=[POST]}" onto public org.springframework.http.ResponseEntity<?> com.tlimskech.marketplace.auth.user.UserController.listUserAds(com.tlimskech.marketplace.core.data.SearchRequest)
2020-06-15 10:11:15.451  INFO 24312 --- [restartedMain] s.w.s.m.m.a.RequestMappingHandlerMapping : Mapped "{[/api/users/updateProfile],methods=[POST]}" onto public org.springframework.http.ResponseEntity<?> com.tlimskech.marketplace.auth.user.UserController.updateProfile(com.tlimskech.marketplace.auth.user.User)
2020-06-15 10:11:15.452  INFO 24312 --- [restartedMain] s.w.s.m.m.a.RequestMappingHandlerMapping : Mapped "{[/api/users/findAll],methods=[POST]}" onto public org.springframework.http.ResponseEntity<?> com.tlimskech.marketplace.auth.user.UserController.findAllUser(com.tlimskech.marketplace.core.data.SearchRequest)
2020-06-15 10:11:15.452  INFO 24312 --- [restartedMain] s.w.s.m.m.a.RequestMappingHandlerMapping : Mapped "{[/api/users/activateOrDeactivateUser],methods=[POST]}" onto public org.springframework.http.ResponseEntity<?> com.tlimskech.marketplace.auth.user.UserController.activateOrDeactivateUser(com.tlimskech.marketplace.auth.user.User)
2020-06-15 10:11:15.452  INFO 24312 --- [restartedMain] s.w.s.m.m.a.RequestMappingHandlerMapping : Mapped "{[/api/users/getCurrentUserDetails],methods=[GET]}" onto public org.springframework.http.ResponseEntity<?> com.tlimskech.marketplace.auth.user.UserController.getCurrentUserDetails()
2020-06-15 10:11:15.453  INFO 24312 --- [restartedMain] s.w.s.m.m.a.RequestMappingHandlerMapping : Mapped "{[/api/beauties/create],methods=[POST]}" onto public org.springframework.http.ResponseEntity<?> com.tlimskech.marketplace.category.beautyhealth.BeautyController.create(com.tlimskech.marketplace.category.beautyhealth.Beauty,org.springframework.web.multipart.MultipartFile[])
2020-06-15 10:11:15.453  INFO 24312 --- [restartedMain] s.w.s.m.m.a.RequestMappingHandlerMapping : Mapped "{[/api/commercials/create],methods=[POST]}" onto public org.springframework.http.ResponseEntity<?> com.tlimskech.marketplace.category.commercial.CommercialToolController.createFashion(com.tlimskech.marketplace.category.commercial.CommercialTool,org.springframework.web.multipart.MultipartFile[])
2020-06-15 10:11:15.453  INFO 24312 --- [restartedMain] s.w.s.m.m.a.RequestMappingHandlerMapping : Mapped "{[/api/electronics/create],methods=[POST]}" onto public org.springframework.http.ResponseEntity<?> com.tlimskech.marketplace.category.electronic.ElectronicController.createElectronic(com.tlimskech.marketplace.category.electronic.Electronic,org.springframework.web.multipart.MultipartFile[])
2020-06-15 10:11:15.454  INFO 24312 --- [restartedMain] s.w.s.m.m.a.RequestMappingHandlerMapping : Mapped "{[/api/fashions/create],methods=[POST]}" onto public org.springframework.http.ResponseEntity<?> com.tlimskech.marketplace.category.fashion.FashionController.createFashion(com.tlimskech.marketplace.category.fashion.Fashion,org.springframework.web.multipart.MultipartFile[])
2020-06-15 10:11:15.455  INFO 24312 --- [restartedMain] s.w.s.m.m.a.RequestMappingHandlerMapping : Mapped "{[/api/favorites/create],methods=[POST]}" onto public org.springframework.http.ResponseEntity<?> com.tlimskech.marketplace.category.favorite.FavoriteController.add(com.tlimskech.marketplace.category.favorite.Favorite)
2020-06-15 10:11:15.455  INFO 24312 --- [restartedMain] s.w.s.m.m.a.RequestMappingHandlerMapping : Mapped "{[/api/favorites/remove/{postId}],methods=[DELETE]}" onto public org.springframework.http.ResponseEntity<?> com.tlimskech.marketplace.category.favorite.FavoriteController.remove(java.lang.Long)
2020-06-15 10:11:15.456  INFO 24312 --- [restartedMain] s.w.s.m.m.a.RequestMappingHandlerMapping : Mapped "{[/api/favorites/list],methods=[POST]}" onto public org.springframework.http.ResponseEntity<?> com.tlimskech.marketplace.category.favorite.FavoriteController.list(com.tlimskech.marketplace.core.data.SearchRequest)
2020-06-15 10:11:15.456  INFO 24312 --- [restartedMain] s.w.s.m.m.a.RequestMappingHandlerMapping : Mapped "{[/api/favorites/added/{postId}],methods=[GET]}" onto public org.springframework.http.ResponseEntity<?> com.tlimskech.marketplace.category.favorite.FavoriteController.added(java.lang.Long)
2020-06-15 10:11:15.456  INFO 24312 --- [restartedMain] s.w.s.m.m.a.RequestMappingHandlerMapping : Mapped "{[/api/gardens/create],methods=[POST]}" onto public org.springframework.http.ResponseEntity<?> com.tlimskech.marketplace.category.homegarden.HomeGardenController.createFashion(com.tlimskech.marketplace.category.homegarden.HomeGarden,org.springframework.web.multipart.MultipartFile[])
2020-06-15 10:11:15.457  INFO 24312 --- [restartedMain] s.w.s.m.m.a.RequestMappingHandlerMapping : Mapped "{[/api/jobs/create],methods=[POST]}" onto public org.springframework.http.ResponseEntity<?> com.tlimskech.marketplace.category.job.JobController.createFashion(com.tlimskech.marketplace.category.job.Job,org.springframework.web.multipart.MultipartFile[])
2020-06-15 10:11:15.457  INFO 24312 --- [restartedMain] s.w.s.m.m.a.RequestMappingHandlerMapping : Mapped "{[/api/kids/create],methods=[POST]}" onto public org.springframework.http.ResponseEntity<?> com.tlimskech.marketplace.category.kid.KidController.create(com.tlimskech.marketplace.category.kid.Kid,org.springframework.web.multipart.MultipartFile[]) throws java.io.IOException
2020-06-15 10:11:15.458  INFO 24312 --- [restartedMain] s.w.s.m.m.a.RequestMappingHandlerMapping : Mapped "{[/api/mobiles/create],methods=[POST]}" onto public org.springframework.http.ResponseEntity<?> com.tlimskech.marketplace.category.mobile.MobileController.create(com.tlimskech.marketplace.category.mobile.Mobile,org.springframework.web.multipart.MultipartFile[])
2020-06-15 10:11:15.458  INFO 24312 --- [restartedMain] s.w.s.m.m.a.RequestMappingHandlerMapping : Mapped "{[/api/pets/create],methods=[POST]}" onto public org.springframework.http.ResponseEntity<?> com.tlimskech.marketplace.category.pet.PetController.create(com.tlimskech.marketplace.category.pet.Pet,org.springframework.web.multipart.MultipartFile[])
2020-06-15 10:11:15.459  INFO 24312 --- [restartedMain] s.w.s.m.m.a.RequestMappingHandlerMapping : Mapped "{[/api/realestates/create],methods=[POST]}" onto public org.springframework.http.ResponseEntity<?> com.tlimskech.marketplace.category.realestate.RealEstateController.create(com.tlimskech.marketplace.category.realestate.RealEstate,org.springframework.web.multipart.MultipartFile[])
2020-06-15 10:11:15.459  INFO 24312 --- [restartedMain] s.w.s.m.m.a.RequestMappingHandlerMapping : Mapped "{[/api/repairs/create],methods=[POST]}" onto public org.springframework.http.ResponseEntity<?> com.tlimskech.marketplace.category.repair.RepairController.create(com.tlimskech.marketplace.category.repair.Repair,org.springframework.web.multipart.MultipartFile[]) throws java.io.IOException
2020-06-15 10:11:15.460  INFO 24312 --- [restartedMain] s.w.s.m.m.a.RequestMappingHandlerMapping : Mapped "{[/api/services/create],methods=[POST]}" onto public org.springframework.http.ResponseEntity<?> com.tlimskech.marketplace.category.services.ServicesController.create(com.tlimskech.marketplace.category.services.Services,org.springframework.web.multipart.MultipartFile[])
2020-06-15 10:11:15.460  INFO 24312 --- [restartedMain] s.w.s.m.m.a.RequestMappingHandlerMapping : Mapped "{[/api/vehicles/create],methods=[POST]}" onto public org.springframework.http.ResponseEntity<?> com.tlimskech.marketplace.category.vehicle.VehicleController.create(com.tlimskech.marketplace.category.vehicle.Vehicle,org.springframework.web.multipart.MultipartFile[]) throws java.io.IOException
2020-06-15 10:11:15.462  INFO 24312 --- [restartedMain] s.w.s.m.m.a.RequestMappingHandlerMapping : Mapped "{[/categories/categories],methods=[GET]}" onto public org.springframework.http.ResponseEntity<?> com.tlimskech.marketplace.global.category.CategoryController.list()
2020-06-15 10:11:15.462  INFO 24312 --- [restartedMain] s.w.s.m.m.a.RequestMappingHandlerMapping : Mapped "{[/categories/findAll],methods=[POST]}" onto public org.springframework.http.ResponseEntity<?> com.tlimskech.marketplace.global.category.CategoryController.findAll(com.tlimskech.marketplace.core.data.SearchRequest)
2020-06-15 10:11:15.462  INFO 24312 --- [restartedMain] s.w.s.m.m.a.RequestMappingHandlerMapping : Mapped "{[/categories/parentCategories],methods=[GET]}" onto public org.springframework.http.ResponseEntity<?> com.tlimskech.marketplace.global.category.CategoryController.parentCategories()
2020-06-15 10:11:15.463  INFO 24312 --- [restartedMain] s.w.s.m.m.a.RequestMappingHandlerMapping : Mapped "{[/categories/create],methods=[POST]}" onto public org.springframework.http.ResponseEntity<?> com.tlimskech.marketplace.global.category.CategoryController.createCategory(com.tlimskech.marketplace.global.category.Category,org.springframework.web.multipart.MultipartFile)
2020-06-15 10:11:15.463  INFO 24312 --- [restartedMain] s.w.s.m.m.a.RequestMappingHandlerMapping : Mapped "{[/categories/subcategories/{categoryCode}],methods=[GET]}" onto public org.springframework.http.ResponseEntity<?> com.tlimskech.marketplace.global.category.CategoryController.findCategoryByPk(java.lang.String)
2020-06-15 10:11:15.464  INFO 24312 --- [restartedMain] s.w.s.m.m.a.RequestMappingHandlerMapping : Mapped "{[/categories/findByParentCategory/{parentId}],methods=[GET]}" onto public org.springframework.http.ResponseEntity<?> com.tlimskech.marketplace.global.category.CategoryController.findByParentCategory(java.lang.Long)
2020-06-15 10:11:15.464  INFO 24312 --- [restartedMain] s.w.s.m.m.a.RequestMappingHandlerMapping : Mapped "{[/api/contacts/findAll],methods=[POST]}" onto public org.springframework.http.ResponseEntity<?> com.tlimskech.marketplace.global.contact.ContactController.create(com.tlimskech.marketplace.core.data.SearchRequest)
2020-06-15 10:11:15.465  INFO 24312 --- [restartedMain] s.w.s.m.m.a.RequestMappingHandlerMapping : Mapped "{[/api/contacts/create],methods=[POST]}" onto public org.springframework.http.ResponseEntity<?> com.tlimskech.marketplace.global.contact.ContactController.create(com.tlimskech.marketplace.global.contact.Contact)
2020-06-15 10:11:15.466  INFO 24312 --- [restartedMain] s.w.s.m.m.a.RequestMappingHandlerMapping : Mapped "{[/listItems/update],methods=[POST]}" onto public org.springframework.http.ResponseEntity<?> com.tlimskech.marketplace.global.listItem.ListItemController.update(com.tlimskech.marketplace.global.listItem.ListItem)
2020-06-15 10:11:15.466  INFO 24312 --- [restartedMain] s.w.s.m.m.a.RequestMappingHandlerMapping : Mapped "{[/listItems/findAll],methods=[POST]}" onto public org.springframework.http.ResponseEntity<?> com.tlimskech.marketplace.global.listItem.ListItemController.findAll(com.tlimskech.marketplace.core.data.SearchRequest)
2020-06-15 10:11:15.466  INFO 24312 --- [restartedMain] s.w.s.m.m.a.RequestMappingHandlerMapping : Mapped "{[/listItems/create],methods=[POST]}" onto public org.springframework.http.ResponseEntity<?> com.tlimskech.marketplace.global.listItem.ListItemController.createCategory(com.tlimskech.marketplace.global.listItem.ListItem)
2020-06-15 10:11:15.467  INFO 24312 --- [restartedMain] s.w.s.m.m.a.RequestMappingHandlerMapping : Mapped "{[/listItems/findByListType/{itemType}],methods=[GET]}" onto public org.springframework.http.ResponseEntity<?> com.tlimskech.marketplace.global.listItem.ListItemController.findByListType(java.lang.String)
2020-06-15 10:11:15.467  INFO 24312 --- [restartedMain] s.w.s.m.m.a.RequestMappingHandlerMapping : Mapped "{[/listItems/findByListTypeAndSubcategory/{itemType}/{subCode}],methods=[GET]}" onto public org.springframework.http.ResponseEntity<?> com.tlimskech.marketplace.global.listItem.ListItemController.findByListTypeAndSubcategory(java.lang.String,java.lang.String)
2020-06-15 10:11:15.467  INFO 24312 --- [restartedMain] s.w.s.m.m.a.RequestMappingHandlerMapping : Mapped "{[/listItems/findByListTypeSubcategoryAndParentList/{itemType}/{subCode}/{parentListCode}],methods=[GET]}" onto public org.springframework.http.ResponseEntity<?> com.tlimskech.marketplace.global.listItem.ListItemController.findByListTypeSubcategoryParentListTypeAndParentList(java.lang.String,java.lang.String,java.lang.String)
2020-06-15 10:11:15.469  INFO 24312 --- [restartedMain] s.w.s.m.m.a.RequestMappingHandlerMapping : Mapped "{[/],methods=[GET]}" onto public java.lang.String com.tlimskech.marketplace.IndexController.index()
2020-06-15 10:11:15.469  INFO 24312 --- [restartedMain] s.w.s.m.m.a.RequestMappingHandlerMapping : Mapped "{[/tlims/**],methods=[GET]}" onto public java.lang.String com.tlimskech.marketplace.IndexController.tlims()
2020-06-15 10:11:15.470  INFO 24312 --- [restartedMain] s.w.s.m.m.a.RequestMappingHandlerMapping : Mapped "{[/messages/create],methods=[POST]}" onto public org.springframework.http.ResponseEntity<?> com.tlimskech.marketplace.messaging.MessageController.addMessage(com.tlimskech.marketplace.messaging.Message)
2020-06-15 10:11:15.470  INFO 24312 --- [restartedMain] s.w.s.m.m.a.RequestMappingHandlerMapping : Mapped "{[/api/messages/getAllUserMessages],methods=[POST]}" onto public org.springframework.http.ResponseEntity<?> com.tlimskech.marketplace.messaging.MessageController.getUserMessages(com.tlimskech.marketplace.core.data.SearchRequest)
2020-06-15 10:11:15.471  INFO 24312 --- [restartedMain] s.w.s.m.m.a.RequestMappingHandlerMapping : Mapped "{[/emailSubs/subscribe],methods=[POST]}" onto public org.springframework.http.ResponseEntity<?> com.tlimskech.marketplace.newsletter.subemail.EmailSubController.subscribe(java.lang.String)
2020-06-15 10:11:15.471  INFO 24312 --- [restartedMain] s.w.s.m.m.a.RequestMappingHandlerMapping : Mapped "{[/emailSubs/unsubscribe/{email}],methods=[GET]}" onto public org.springframework.http.ResponseEntity<?> com.tlimskech.marketplace.newsletter.subemail.EmailSubController.unsubscribe(java.lang.String)
2020-06-15 10:11:15.471  INFO 24312 --- [restartedMain] s.w.s.m.m.a.RequestMappingHandlerMapping : Mapped "{[/storage/{key}],methods=[GET]}" onto public void com.tlimskech.marketplace.storage.StorageController.download(java.lang.String,javax.servlet.http.HttpServletResponse)
2020-06-15 10:11:15.473  INFO 24312 --- [restartedMain] s.w.s.m.m.a.RequestMappingHandlerMapping : Mapped "{[/error]}" onto public org.springframework.http.ResponseEntity<java.util.Map<java.lang.String, java.lang.Object>> org.springframework.boot.autoconfigure.web.servlet.error.BasicErrorController.error(javax.servlet.http.HttpServletRequest)
2020-06-15 10:11:15.474  INFO 24312 --- [restartedMain] s.w.s.m.m.a.RequestMappingHandlerMapping : Mapped "{[/error],produces=[text/html]}" onto public org.springframework.web.servlet.ModelAndView org.springframework.boot.autoconfigure.web.servlet.error.BasicErrorController.errorHtml(javax.servlet.http.HttpServletRequest,javax.servlet.http.HttpServletResponse)
2020-06-15 10:11:15.510  INFO 24312 --- [restartedMain] o.s.w.s.handler.SimpleUrlHandlerMapping  : Mapped URL path [/webjars/**] onto handler of type [class org.springframework.web.servlet.resource.ResourceHttpRequestHandler]
2020-06-15 10:11:15.510  INFO 24312 --- [restartedMain] o.s.w.s.handler.SimpleUrlHandlerMapping  : Mapped URL path [/**] onto handler of type [class org.springframework.web.servlet.resource.ResourceHttpRequestHandler]
2020-06-15 10:11:15.530  INFO 24312 --- [restartedMain] .m.m.a.ExceptionHandlerExceptionResolver : Detected @ExceptionHandler methods in errorControllerAdvice
2020-06-15 10:11:15.573  INFO 24312 --- [restartedMain] o.s.b.a.w.s.WelcomePageHandlerMapping    : Adding welcome page template: index
2020-06-15 10:11:16.048  INFO 24312 --- [restartedMain] o.s.b.d.a.OptionalLiveReloadServer       : LiveReload server is running on port 35729
2020-06-15 10:11:16.066  INFO 24312 --- [restartedMain] o.s.b.a.e.web.EndpointLinksResolver      : Exposing 2 endpoint(s) beneath base path '/actuator'
2020-06-15 10:11:16.076  INFO 24312 --- [restartedMain] s.b.a.e.w.s.WebMvcEndpointHandlerMapping : Mapped "{[/actuator/health],methods=[GET],produces=[application/vnd.spring-boot.actuator.v2+json || application/json]}" onto public java.lang.Object org.springframework.boot.actuate.endpoint.web.servlet.AbstractWebMvcEndpointHandlerMapping$OperationHandler.handle(javax.servlet.http.HttpServletRequest,java.util.Map<java.lang.String, java.lang.String>)
2020-06-15 10:11:16.077  INFO 24312 --- [restartedMain] s.b.a.e.w.s.WebMvcEndpointHandlerMapping : Mapped "{[/actuator/info],methods=[GET],produces=[application/vnd.spring-boot.actuator.v2+json || application/json]}" onto public java.lang.Object org.springframework.boot.actuate.endpoint.web.servlet.AbstractWebMvcEndpointHandlerMapping$OperationHandler.handle(javax.servlet.http.HttpServletRequest,java.util.Map<java.lang.String, java.lang.String>)
2020-06-15 10:11:16.077  INFO 24312 --- [restartedMain] s.b.a.e.w.s.WebMvcEndpointHandlerMapping : Mapped "{[/actuator],methods=[GET],produces=[application/vnd.spring-boot.actuator.v2+json || application/json]}" onto protected java.util.Map<java.lang.String, java.util.Map<java.lang.String, org.springframework.boot.actuate.endpoint.web.Link>> org.springframework.boot.actuate.endpoint.web.servlet.WebMvcEndpointHandlerMapping.links(javax.servlet.http.HttpServletRequest,javax.servlet.http.HttpServletResponse)
2020-06-15 10:11:16.149  INFO 24312 --- [restartedMain] o.s.j.e.a.AnnotationMBeanExporter        : Registering beans for JMX exposure on startup
2020-06-15 10:11:16.151  INFO 24312 --- [restartedMain] o.s.j.e.a.AnnotationMBeanExporter        : Bean with name 'dataSource' has been autodetected for JMX exposure
2020-06-15 10:11:16.157  INFO 24312 --- [restartedMain] o.s.j.e.a.AnnotationMBeanExporter        : Located MBean 'dataSource': registering with JMX server as MBean [com.zaxxer.hikari:name=dataSource,type=HikariDataSource]
2020-06-15 10:11:16.170  INFO 24312 --- [restartedMain] s.a.ScheduledAnnotationBeanPostProcessor : No TaskScheduler/ScheduledExecutorService bean found for scheduled processing
2020-06-15 10:11:16.202  INFO 24312 --- [restartedMain] o.s.b.w.embedded.tomcat.TomcatWebServer  : Tomcat started on port(s): 9000 (http) with context path ''
2020-06-15 10:11:16.205  INFO 24312 --- [restartedMain] c.t.marketplace.MarketplaceApplication   : Started MarketplaceApplication in 10.84 seconds (JVM running for 15.475)
2020-06-15 10:11:16.633  INFO 24312 --- [RMI TCP Connection(2)-192.168.43.242] o.a.c.c.C.[Tomcat].[localhost].[/]       : Initializing Spring FrameworkServlet 'dispatcherServlet'
2020-06-15 10:11:16.633  INFO 24312 --- [RMI TCP Connection(2)-192.168.43.242] o.s.web.servlet.DispatcherServlet        : FrameworkServlet 'dispatcherServlet': initialization started
2020-06-15 10:11:16.653  INFO 24312 --- [RMI TCP Connection(2)-192.168.43.242] o.s.web.servlet.DispatcherServlet        : FrameworkServlet 'dispatcherServlet': initialization completed in 19 ms
2020-06-15 10:12:20.215  WARN 24312 --- [http-nio-9000-exec-6] .m.m.a.ExceptionHandlerExceptionResolver : Resolved exception caused by Handler execution: javax.validation.ConstraintViolationException: subscribe.email: must be a well-formed email address
2020-06-15 10:14:09.284  INFO 22572 --- [restartedMain] c.t.marketplace.MarketplaceApplication   : Starting MarketplaceApplication on TECHGRATA-DEVPC1 with PID 22572 (C:\development\tlims\tlimskechapi\target\classes started by goodluck.ndumanya in C:\development\tlims\tlimskechapi)
2020-06-15 10:14:09.286  INFO 22572 --- [restartedMain] c.t.marketplace.MarketplaceApplication   : The following profiles are active: dev
2020-06-15 10:14:09.360  INFO 22572 --- [restartedMain] ConfigServletWebServerApplicationContext : Refreshing org.springframework.boot.web.servlet.context.AnnotationConfigServletWebServerApplicationContext@17c18bf1: startup date [Mon Jun 15 10:14:09 WAT 2020]; root of context hierarchy
2020-06-15 10:14:11.075  INFO 22572 --- [restartedMain] f.a.AutowiredAnnotationBeanPostProcessor : JSR-330 'javax.inject.Inject' annotation found and supported for autowiring
2020-06-15 10:14:11.203  INFO 22572 --- [restartedMain] trationDelegate$BeanPostProcessorChecker : Bean 'org.springframework.transaction.annotation.ProxyTransactionManagementConfiguration' of type [org.springframework.transaction.annotation.ProxyTransactionManagementConfiguration$$EnhancerBySpringCGLIB$$76165cd] is not eligible for getting processed by all BeanPostProcessors (for example: not eligible for auto-proxying)
2020-06-15 10:14:11.238  INFO 22572 --- [restartedMain] trationDelegate$BeanPostProcessorChecker : Bean 'org.springframework.security.config.annotation.configuration.ObjectPostProcessorConfiguration' of type [org.springframework.security.config.annotation.configuration.ObjectPostProcessorConfiguration$$EnhancerBySpringCGLIB$$a00f2e07] is not eligible for getting processed by all BeanPostProcessors (for example: not eligible for auto-proxying)
2020-06-15 10:14:11.245  INFO 22572 --- [restartedMain] trationDelegate$BeanPostProcessorChecker : Bean 'objectPostProcessor' of type [org.springframework.security.config.annotation.configuration.AutowireBeanFactoryObjectPostProcessor] is not eligible for getting processed by all BeanPostProcessors (for example: not eligible for auto-proxying)
2020-06-15 10:14:11.247  INFO 22572 --- [restartedMain] trationDelegate$BeanPostProcessorChecker : Bean 'org.springframework.security.access.expression.method.DefaultMethodSecurityExpressionHandler@57665ba0' of type [org.springframework.security.access.expression.method.DefaultMethodSecurityExpressionHandler] is not eligible for getting processed by all BeanPostProcessors (for example: not eligible for auto-proxying)
2020-06-15 10:14:11.254  INFO 22572 --- [restartedMain] trationDelegate$BeanPostProcessorChecker : Bean 'org.springframework.security.config.annotation.method.configuration.GlobalMethodSecurityConfiguration' of type [org.springframework.security.config.annotation.method.configuration.GlobalMethodSecurityConfiguration$$EnhancerBySpringCGLIB$$c4e3d0b9] is not eligible for getting processed by all BeanPostProcessors (for example: not eligible for auto-proxying)
2020-06-15 10:14:11.261  INFO 22572 --- [restartedMain] trationDelegate$BeanPostProcessorChecker : Bean 'methodSecurityMetadataSource' of type [org.springframework.security.access.method.DelegatingMethodSecurityMetadataSource] is not eligible for getting processed by all BeanPostProcessors (for example: not eligible for auto-proxying)
2020-06-15 10:14:11.694  INFO 22572 --- [restartedMain] o.s.b.w.embedded.tomcat.TomcatWebServer  : Tomcat initialized with port(s): 9000 (http)
2020-06-15 10:14:11.712  INFO 22572 --- [restartedMain] o.apache.catalina.core.StandardService   : Starting service [Tomcat]
2020-06-15 10:14:11.712  INFO 22572 --- [restartedMain] org.apache.catalina.core.StandardEngine  : Starting Servlet Engine: Apache Tomcat/8.5.32
2020-06-15 10:14:11.715  INFO 22572 --- [localhost-startStop-1] o.a.catalina.core.AprLifecycleListener   : The APR based Apache Tomcat Native library which allows optimal performance in production environments was not found on the java.library.path: [C:\Program Files\Java\jdk1.8.0_202\bin;C:\WINDOWS\Sun\Java\bin;C:\WINDOWS\system32;C:\WINDOWS;C:\Python27\;C:\Python27\Scripts;C:\Program Files (x86)\Common Files\Oracle\Java\javapath;C:\WINDOWS\system32;C:\WINDOWS;C:\WINDOWS\System32\Wbem;C:\WINDOWS\System32\WindowsPowerShell\v1.0\;C:\WINDOWS\System32\OpenSSH\;C:\Program Files\Dart\dart-sdk\bin;C:\Users\goodluck.ndumanya\Documents\installables\apache-maven-3.6.3\bin;C:\Program Files\Java\jdk1.8.0_202\bin;C:\google-cloud-sdk\bin;C:\PostgreSQL\pg10\bin;C:\Program Files\MongoDB\Server\4.2\bin;C:\Program Files\nodejs\;C:\ProgramData\chocolatey\bin;C:\Program Files\mosquitto;C:\windows\system32;;C:\Program Files\Docker\Docker\resources\bin;C:\ProgramData\DockerDesktop\version-bin;C:\Program Files\PuTTY\;C:\Users\goodluck.ndumanya\AppData\Local\Microsoft\WindowsApps;C:\Users\goodluck.ndumanya\AppData\Local\Programs\Git\cmd;C:\Program Files\heroku\bin;C:\flutter\bin;C:\Users\goodluck.ndumanya\AppData\Roaming\npm;C:\Users\goodluck.ndumanya\AppData\Local\Programs\Microsoft VS Code\bin;C:\Users\goodluck.ndumanya\AppData\Local\GitHubDesktop\bin;.]
2020-06-15 10:14:11.900  INFO 22572 --- [localhost-startStop-1] o.a.c.c.C.[Tomcat].[localhost].[/]       : Initializing Spring embedded WebApplicationContext
2020-06-15 10:14:11.900  INFO 22572 --- [localhost-startStop-1] o.s.web.context.ContextLoader            : Root WebApplicationContext: initialization completed in 2540 ms
2020-06-15 10:14:12.635  INFO 22572 --- [localhost-startStop-1] o.s.b.w.servlet.FilterRegistrationBean   : Mapping filter: 'characterEncodingFilter' to: [/*]
2020-06-15 10:14:12.635  INFO 22572 --- [localhost-startStop-1] o.s.b.w.servlet.FilterRegistrationBean   : Mapping filter: 'webMvcMetricsFilter' to: [/*]
2020-06-15 10:14:12.636  INFO 22572 --- [localhost-startStop-1] o.s.b.w.servlet.FilterRegistrationBean   : Mapping filter: 'hiddenHttpMethodFilter' to: [/*]
2020-06-15 10:14:12.636  INFO 22572 --- [localhost-startStop-1] o.s.b.w.servlet.FilterRegistrationBean   : Mapping filter: 'httpPutFormContentFilter' to: [/*]
2020-06-15 10:14:12.636  INFO 22572 --- [localhost-startStop-1] o.s.b.w.servlet.FilterRegistrationBean   : Mapping filter: 'requestContextFilter' to: [/*]
2020-06-15 10:14:12.637  INFO 22572 --- [localhost-startStop-1] .s.DelegatingFilterProxyRegistrationBean : Mapping filter: 'springSecurityFilterChain' to: [/*]
2020-06-15 10:14:12.637  INFO 22572 --- [localhost-startStop-1] o.s.b.w.servlet.FilterRegistrationBean   : Mapping filter: 'httpTraceFilter' to: [/*]
2020-06-15 10:14:12.637  INFO 22572 --- [localhost-startStop-1] o.s.b.w.servlet.ServletRegistrationBean  : Servlet dispatcherServlet mapped to [/]
2020-06-15 10:14:12.792  INFO 22572 --- [restartedMain] j.LocalContainerEntityManagerFactoryBean : Building JPA container EntityManagerFactory for persistence unit 'default'
2020-06-15 10:14:12.803  INFO 22572 --- [restartedMain] o.hibernate.jpa.internal.util.LogHelper  : HHH000204: Processing PersistenceUnitInfo [
	name: default
	...]
2020-06-15 10:14:12.866  INFO 22572 --- [restartedMain] org.hibernate.Version                    : HHH000412: Hibernate Core {5.2.17.Final}
2020-06-15 10:14:12.867  INFO 22572 --- [restartedMain] org.hibernate.cfg.Environment            : HHH000206: hibernate.properties not found
2020-06-15 10:14:12.914  INFO 22572 --- [restartedMain] o.hibernate.annotations.common.Version   : HCANN000001: Hibernate Commons Annotations {5.0.1.Final}
2020-06-15 10:14:13.086  INFO 22572 --- [restartedMain] com.zaxxer.hikari.HikariDataSource       : HikariPool-1 - Starting...
2020-06-15 10:14:13.234  INFO 22572 --- [restartedMain] com.zaxxer.hikari.HikariDataSource       : HikariPool-1 - Start completed.
2020-06-15 10:14:13.242  INFO 22572 --- [restartedMain] org.hibernate.dialect.Dialect            : HHH000400: Using dialect: org.hibernate.dialect.MySQL5Dialect
2020-06-15 10:14:13.409  WARN 22572 --- [restartedMain] org.hibernate.cfg.AnnotationBinder       : HHH000457: Joined inheritance hierarchy [com.tlimskech.marketplace.ad.Ad] defined explicit @DiscriminatorColumn.  Legacy Hibernate behavior was to ignore the @DiscriminatorColumn.  However, as part of issue HHH-6911 we now apply the explicit @DiscriminatorColumn.  If you would prefer the legacy behavior, enable the `hibernate.discriminator.ignore_explicit_for_joined` setting (hibernate.discriminator.ignore_explicit_for_joined=true)
2020-06-15 10:14:14.437  INFO 22572 --- [restartedMain] j.LocalContainerEntityManagerFactoryBean : Initialized JPA EntityManagerFactory for persistence unit 'default'
2020-06-15 10:14:14.910  INFO 22572 --- [restartedMain] o.h.h.i.QueryTranslatorFactoryInitiator  : HHH000397: Using ASTQueryTranslatorFactory
2020-06-15 10:14:16.604  INFO 22572 --- [restartedMain] o.s.s.web.DefaultSecurityFilterChain     : Creating filter chain: Ant [pattern='/assets/**'], []
2020-06-15 10:14:16.605  INFO 22572 --- [restartedMain] o.s.s.web.DefaultSecurityFilterChain     : Creating filter chain: Ant [pattern='/resources/**'], []
2020-06-15 10:14:16.605  INFO 22572 --- [restartedMain] o.s.s.web.DefaultSecurityFilterChain     : Creating filter chain: Ant [pattern='/static/**'], []
2020-06-15 10:14:16.605  INFO 22572 --- [restartedMain] o.s.s.web.DefaultSecurityFilterChain     : Creating filter chain: Ant [pattern='/css/**'], []
2020-06-15 10:14:16.605  INFO 22572 --- [restartedMain] o.s.s.web.DefaultSecurityFilterChain     : Creating filter chain: Ant [pattern='/js/**'], []
2020-06-15 10:14:16.606  INFO 22572 --- [restartedMain] o.s.s.web.DefaultSecurityFilterChain     : Creating filter chain: Ant [pattern='/images/**'], []
2020-06-15 10:14:16.672  INFO 22572 --- [restartedMain] o.s.s.web.DefaultSecurityFilterChain     : Creating filter chain: org.springframework.security.web.util.matcher.AnyRequestMatcher@1, [org.springframework.security.web.context.request.async.WebAsyncManagerIntegrationFilter@4a42f9ea, org.springframework.security.web.context.SecurityContextPersistenceFilter@7fa7aad0, org.springframework.security.web.header.HeaderWriterFilter@550e8cac, org.springframework.security.web.authentication.logout.LogoutFilter@62038ef8, com.tlimskech.marketplace.security.config.CorsConfig@3fa663af, com.tlimskech.marketplace.security.login.SecurityAuthenticationTokenFilter@77a06741, com.tlimskech.marketplace.security.AppTokenAuthenticationProcessingFilter@3fb08085, org.springframework.security.web.savedrequest.RequestCacheAwareFilter@41c7950e, org.springframework.security.web.servletapi.SecurityContextHolderAwareRequestFilter@1dab828, org.springframework.security.web.authentication.AnonymousAuthenticationFilter@62e0b330, org.springframework.security.web.session.SessionManagementFilter@63098273, org.springframework.security.web.access.ExceptionTranslationFilter@71f72ca4, org.springframework.security.web.access.intercept.FilterSecurityInterceptor@5947cf16]
2020-06-15 10:14:16.779  INFO 22572 --- [restartedMain] o.s.w.s.handler.SimpleUrlHandlerMapping  : Mapped URL path [/**/favicon.ico] onto handler of type [class org.springframework.web.servlet.resource.ResourceHttpRequestHandler]
2020-06-15 10:14:16.855  INFO 22572 --- [restartedMain] s.w.s.m.m.a.RequestMappingHandlerAdapter : Looking for @ControllerAdvice: org.springframework.boot.web.servlet.context.AnnotationConfigServletWebServerApplicationContext@17c18bf1: startup date [Mon Jun 15 10:14:09 WAT 2020]; root of context hierarchy
2020-06-15 10:14:16.899  WARN 22572 --- [restartedMain] aWebConfiguration$JpaWebMvcConfiguration : spring.jpa.open-in-view is enabled by default. Therefore, database queries may be performed during view rendering. Explicitly configure spring.jpa.open-in-view to disable this warning
2020-06-15 10:14:16.933  INFO 22572 --- [restartedMain] s.w.s.m.m.a.RequestMappingHandlerMapping : Mapped "{[/ads/findById/{id}],methods=[GET]}" onto public org.springframework.http.ResponseEntity<?> com.tlimskech.marketplace.ad.AdController.findById(java.lang.Long)
2020-06-15 10:14:16.934  INFO 22572 --- [restartedMain] s.w.s.m.m.a.RequestMappingHandlerMapping : Mapped "{[/ads/categoryCode/{catCode}],methods=[GET]}" onto public org.springframework.http.ResponseEntity<?> com.tlimskech.marketplace.ad.AdController.findById(java.lang.String)
2020-06-15 10:14:16.935  INFO 22572 --- [restartedMain] s.w.s.m.m.a.RequestMappingHandlerMapping : Mapped "{[/ads/activateOrDeactivate],methods=[POST]}" onto public org.springframework.http.ResponseEntity<?> com.tlimskech.marketplace.ad.AdController.activateOrDeactivateAd(com.tlimskech.marketplace.ad.Ad)
2020-06-15 10:14:16.935  INFO 22572 --- [restartedMain] s.w.s.m.m.a.RequestMappingHandlerMapping : Mapped "{[/ads/featuredOrNot],methods=[POST]}" onto public org.springframework.http.ResponseEntity<?> com.tlimskech.marketplace.ad.AdController.featuredOrNot(com.tlimskech.marketplace.ad.Ad)
2020-06-15 10:14:16.935  INFO 22572 --- [restartedMain] s.w.s.m.m.a.RequestMappingHandlerMapping : Mapped "{[/ads/toggleSponsored],methods=[POST]}" onto public org.springframework.http.ResponseEntity<?> com.tlimskech.marketplace.ad.AdController.sponsoredOrNot(com.tlimskech.marketplace.ad.Ad)
2020-06-15 10:14:16.936  INFO 22572 --- [restartedMain] s.w.s.m.m.a.RequestMappingHandlerMapping : Mapped "{[/ads/declinedAds],methods=[POST]}" onto public org.springframework.http.ResponseEntity<?> com.tlimskech.marketplace.ad.AdController.declinedAds(com.tlimskech.marketplace.core.data.SearchRequest)
2020-06-15 10:14:16.936  INFO 22572 --- [restartedMain] s.w.s.m.m.a.RequestMappingHandlerMapping : Mapped "{[/ads/archivedAds],methods=[POST]}" onto public org.springframework.http.ResponseEntity<?> com.tlimskech.marketplace.ad.AdController.archivedAds(com.tlimskech.marketplace.core.data.SearchRequest)
2020-06-15 10:14:16.936  INFO 22572 --- [restartedMain] s.w.s.m.m.a.RequestMappingHandlerMapping : Mapped "{[/ads/approveAd],methods=[POST]}" onto public org.springframework.http.ResponseEntity<?> com.tlimskech.marketplace.ad.AdController.approve(com.tlimskech.marketplace.ad.Ad)
2020-06-15 10:14:16.936  INFO 22572 --- [restartedMain] s.w.s.m.m.a.RequestMappingHandlerMapping : Mapped "{[/ads/pendingAds],methods=[POST]}" onto public org.springframework.http.ResponseEntity<?> com.tlimskech.marketplace.ad.AdController.pendingAds(com.tlimskech.marketplace.core.data.SearchRequest)
2020-06-15 10:14:16.937  INFO 22572 --- [restartedMain] s.w.s.m.m.a.RequestMappingHandlerMapping : Mapped "{[/ads/featuredAds],methods=[POST]}" onto public org.springframework.http.ResponseEntity<?> com.tlimskech.marketplace.ad.AdController.featuredAds(com.tlimskech.marketplace.core.data.SearchRequest)
2020-06-15 10:14:16.937  INFO 22572 --- [restartedMain] s.w.s.m.m.a.RequestMappingHandlerMapping : Mapped "{[/ads/adSponsored],methods=[POST]}" onto public org.springframework.http.ResponseEntity<?> com.tlimskech.marketplace.ad.AdController.sponsoredAds(com.tlimskech.marketplace.core.data.SearchRequest)
2020-06-15 10:14:16.937  INFO 22572 --- [restartedMain] s.w.s.m.m.a.RequestMappingHandlerMapping : Mapped "{[/ads/adHistory],methods=[POST]}" onto public org.springframework.http.ResponseEntity<?> com.tlimskech.marketplace.ad.AdController.adHistory(com.tlimskech.marketplace.core.data.SearchRequest)
2020-06-15 10:14:16.938  INFO 22572 --- [restartedMain] s.w.s.m.m.a.RequestMappingHandlerMapping : Mapped "{[/ads/globalSearch],methods=[POST]}" onto public org.springframework.http.ResponseEntity<?> com.tlimskech.marketplace.ad.AdController.globalSearch(com.tlimskech.marketplace.core.data.SearchRequest)
2020-06-15 10:14:16.938  INFO 22572 --- [restartedMain] s.w.s.m.m.a.RequestMappingHandlerMapping : Mapped "{[/ads/rejectAd],methods=[POST]}" onto public org.springframework.http.ResponseEntity<?> com.tlimskech.marketplace.ad.AdController.rejectAd(com.tlimskech.marketplace.ad.Ad)
2020-06-15 10:14:16.938  INFO 22572 --- [restartedMain] s.w.s.m.m.a.RequestMappingHandlerMapping : Mapped "{[/ads/adListAdvance],methods=[POST]}" onto public org.springframework.http.ResponseEntity<?> com.tlimskech.marketplace.ad.AdController.adList(com.tlimskech.marketplace.ad.Ad)
2020-06-15 10:14:16.938  INFO 22572 --- [restartedMain] s.w.s.m.m.a.RequestMappingHandlerMapping : Mapped "{[/ads/adList],methods=[POST]}" onto public org.springframework.http.ResponseEntity<?> com.tlimskech.marketplace.ad.AdController.adList(com.tlimskech.marketplace.core.data.SearchRequest)
2020-06-15 10:14:16.939  INFO 22572 --- [restartedMain] s.w.s.m.m.a.RequestMappingHandlerMapping : Mapped "{[/ads/advanceAdListing],methods=[POST]}" onto public org.springframework.http.ResponseEntity<?> com.tlimskech.marketplace.ad.AdController.adListing(com.tlimskech.marketplace.core.data.NTuple)
2020-06-15 10:14:16.941  INFO 22572 --- [restartedMain] s.w.s.m.m.a.RequestMappingHandlerMapping : Mapped "{[/auth/verify/{code}],methods=[GET]}" onto public org.springframework.http.ResponseEntity<?> com.tlimskech.marketplace.auth.AuthController.verifyUser(java.lang.String)
2020-06-15 10:14:16.941  INFO 22572 --- [restartedMain] s.w.s.m.m.a.RequestMappingHandlerMapping : Mapped "{[/auth/create],methods=[POST]}" onto public org.springframework.http.ResponseEntity<?> com.tlimskech.marketplace.auth.AuthController.createUser(com.tlimskech.marketplace.auth.user.User)
2020-06-15 10:14:16.942  INFO 22572 --- [restartedMain] s.w.s.m.m.a.RequestMappingHandlerMapping : Mapped "{[/auth/fbLogin],methods=[GET]}" onto public org.springframework.http.ResponseEntity<?> com.tlimskech.marketplace.auth.AuthController.fbLogin(java.lang.String)
2020-06-15 10:14:16.943  INFO 22572 --- [restartedMain] s.w.s.m.m.a.RequestMappingHandlerMapping : Mapped "{[/api/users/activateOrDeactivateUser],methods=[POST]}" onto public org.springframework.http.ResponseEntity<?> com.tlimskech.marketplace.auth.user.UserController.activateOrDeactivateUser(com.tlimskech.marketplace.auth.user.User)
2020-06-15 10:14:16.944  INFO 22572 --- [restartedMain] s.w.s.m.m.a.RequestMappingHandlerMapping : Mapped "{[/api/users/getCurrentUserDetails],methods=[GET]}" onto public org.springframework.http.ResponseEntity<?> com.tlimskech.marketplace.auth.user.UserController.getCurrentUserDetails()
2020-06-15 10:14:16.944  INFO 22572 --- [restartedMain] s.w.s.m.m.a.RequestMappingHandlerMapping : Mapped "{[/api/users/findByUsername/{username}],methods=[GET]}" onto public org.springframework.http.ResponseEntity<?> com.tlimskech.marketplace.auth.user.UserController.findByUsername(java.lang.String)
2020-06-15 10:14:16.944  INFO 22572 --- [restartedMain] s.w.s.m.m.a.RequestMappingHandlerMapping : Mapped "{[/api/users/update],methods=[POST]}" onto public org.springframework.http.ResponseEntity<?> com.tlimskech.marketplace.auth.user.UserController.updateUser(com.tlimskech.marketplace.auth.user.User)
2020-06-15 10:14:16.945  INFO 22572 --- [restartedMain] s.w.s.m.m.a.RequestMappingHandlerMapping : Mapped "{[/api/users/changePassword],methods=[POST]}" onto public org.springframework.http.ResponseEntity<?> com.tlimskech.marketplace.auth.user.UserController.updateUser(com.tlimskech.marketplace.auth.data.ChangePasswordRequest)
2020-06-15 10:14:16.945  INFO 22572 --- [restartedMain] s.w.s.m.m.a.RequestMappingHandlerMapping : Mapped "{[/api/users/findAll],methods=[POST]}" onto public org.springframework.http.ResponseEntity<?> com.tlimskech.marketplace.auth.user.UserController.findAllUser(com.tlimskech.marketplace.core.data.SearchRequest)
2020-06-15 10:14:16.945  INFO 22572 --- [restartedMain] s.w.s.m.m.a.RequestMappingHandlerMapping : Mapped "{[/api/users/create],methods=[POST]}" onto public org.springframework.http.ResponseEntity<?> com.tlimskech.marketplace.auth.user.UserController.createUser(com.tlimskech.marketplace.auth.user.User)
2020-06-15 10:14:16.945  INFO 22572 --- [restartedMain] s.w.s.m.m.a.RequestMappingHandlerMapping : Mapped "{[/api/users/listUserAds],methods=[POST]}" onto public org.springframework.http.ResponseEntity<?> com.tlimskech.marketplace.auth.user.UserController.listUserAds(com.tlimskech.marketplace.core.data.SearchRequest)
2020-06-15 10:14:16.946  INFO 22572 --- [restartedMain] s.w.s.m.m.a.RequestMappingHandlerMapping : Mapped "{[/api/users/updateProfile],methods=[POST]}" onto public org.springframework.http.ResponseEntity<?> com.tlimskech.marketplace.auth.user.UserController.updateProfile(com.tlimskech.marketplace.auth.user.User)
2020-06-15 10:14:16.946  INFO 22572 --- [restartedMain] s.w.s.m.m.a.RequestMappingHandlerMapping : Mapped "{[/api/beauties/create],methods=[POST]}" onto public org.springframework.http.ResponseEntity<?> com.tlimskech.marketplace.category.beautyhealth.BeautyController.create(com.tlimskech.marketplace.category.beautyhealth.Beauty,org.springframework.web.multipart.MultipartFile[])
2020-06-15 10:14:16.947  INFO 22572 --- [restartedMain] s.w.s.m.m.a.RequestMappingHandlerMapping : Mapped "{[/api/commercials/create],methods=[POST]}" onto public org.springframework.http.ResponseEntity<?> com.tlimskech.marketplace.category.commercial.CommercialToolController.createFashion(com.tlimskech.marketplace.category.commercial.CommercialTool,org.springframework.web.multipart.MultipartFile[])
2020-06-15 10:14:16.947  INFO 22572 --- [restartedMain] s.w.s.m.m.a.RequestMappingHandlerMapping : Mapped "{[/api/electronics/create],methods=[POST]}" onto public org.springframework.http.ResponseEntity<?> com.tlimskech.marketplace.category.electronic.ElectronicController.createElectronic(com.tlimskech.marketplace.category.electronic.Electronic,org.springframework.web.multipart.MultipartFile[])
2020-06-15 10:14:16.948  INFO 22572 --- [restartedMain] s.w.s.m.m.a.RequestMappingHandlerMapping : Mapped "{[/api/fashions/create],methods=[POST]}" onto public org.springframework.http.ResponseEntity<?> com.tlimskech.marketplace.category.fashion.FashionController.createFashion(com.tlimskech.marketplace.category.fashion.Fashion,org.springframework.web.multipart.MultipartFile[])
2020-06-15 10:14:16.949  INFO 22572 --- [restartedMain] s.w.s.m.m.a.RequestMappingHandlerMapping : Mapped "{[/api/favorites/create],methods=[POST]}" onto public org.springframework.http.ResponseEntity<?> com.tlimskech.marketplace.category.favorite.FavoriteController.add(com.tlimskech.marketplace.category.favorite.Favorite)
2020-06-15 10:14:16.949  INFO 22572 --- [restartedMain] s.w.s.m.m.a.RequestMappingHandlerMapping : Mapped "{[/api/favorites/remove/{postId}],methods=[DELETE]}" onto public org.springframework.http.ResponseEntity<?> com.tlimskech.marketplace.category.favorite.FavoriteController.remove(java.lang.Long)
2020-06-15 10:14:16.950  INFO 22572 --- [restartedMain] s.w.s.m.m.a.RequestMappingHandlerMapping : Mapped "{[/api/favorites/list],methods=[POST]}" onto public org.springframework.http.ResponseEntity<?> com.tlimskech.marketplace.category.favorite.FavoriteController.list(com.tlimskech.marketplace.core.data.SearchRequest)
2020-06-15 10:14:16.950  INFO 22572 --- [restartedMain] s.w.s.m.m.a.RequestMappingHandlerMapping : Mapped "{[/api/favorites/added/{postId}],methods=[GET]}" onto public org.springframework.http.ResponseEntity<?> com.tlimskech.marketplace.category.favorite.FavoriteController.added(java.lang.Long)
2020-06-15 10:14:16.950  INFO 22572 --- [restartedMain] s.w.s.m.m.a.RequestMappingHandlerMapping : Mapped "{[/api/gardens/create],methods=[POST]}" onto public org.springframework.http.ResponseEntity<?> com.tlimskech.marketplace.category.homegarden.HomeGardenController.createFashion(com.tlimskech.marketplace.category.homegarden.HomeGarden,org.springframework.web.multipart.MultipartFile[])
2020-06-15 10:14:16.951  INFO 22572 --- [restartedMain] s.w.s.m.m.a.RequestMappingHandlerMapping : Mapped "{[/api/jobs/create],methods=[POST]}" onto public org.springframework.http.ResponseEntity<?> com.tlimskech.marketplace.category.job.JobController.createFashion(com.tlimskech.marketplace.category.job.Job,org.springframework.web.multipart.MultipartFile[])
2020-06-15 10:14:16.951  INFO 22572 --- [restartedMain] s.w.s.m.m.a.RequestMappingHandlerMapping : Mapped "{[/api/kids/create],methods=[POST]}" onto public org.springframework.http.ResponseEntity<?> com.tlimskech.marketplace.category.kid.KidController.create(com.tlimskech.marketplace.category.kid.Kid,org.springframework.web.multipart.MultipartFile[]) throws java.io.IOException
2020-06-15 10:14:16.952  INFO 22572 --- [restartedMain] s.w.s.m.m.a.RequestMappingHandlerMapping : Mapped "{[/api/mobiles/create],methods=[POST]}" onto public org.springframework.http.ResponseEntity<?> com.tlimskech.marketplace.category.mobile.MobileController.create(com.tlimskech.marketplace.category.mobile.Mobile,org.springframework.web.multipart.MultipartFile[])
2020-06-15 10:14:16.952  INFO 22572 --- [restartedMain] s.w.s.m.m.a.RequestMappingHandlerMapping : Mapped "{[/api/pets/create],methods=[POST]}" onto public org.springframework.http.ResponseEntity<?> com.tlimskech.marketplace.category.pet.PetController.create(com.tlimskech.marketplace.category.pet.Pet,org.springframework.web.multipart.MultipartFile[])
2020-06-15 10:14:16.953  INFO 22572 --- [restartedMain] s.w.s.m.m.a.RequestMappingHandlerMapping : Mapped "{[/api/realestates/create],methods=[POST]}" onto public org.springframework.http.ResponseEntity<?> com.tlimskech.marketplace.category.realestate.RealEstateController.create(com.tlimskech.marketplace.category.realestate.RealEstate,org.springframework.web.multipart.MultipartFile[])
2020-06-15 10:14:16.953  INFO 22572 --- [restartedMain] s.w.s.m.m.a.RequestMappingHandlerMapping : Mapped "{[/api/repairs/create],methods=[POST]}" onto public org.springframework.http.ResponseEntity<?> com.tlimskech.marketplace.category.repair.RepairController.create(com.tlimskech.marketplace.category.repair.Repair,org.springframework.web.multipart.MultipartFile[]) throws java.io.IOException
2020-06-15 10:14:16.954  INFO 22572 --- [restartedMain] s.w.s.m.m.a.RequestMappingHandlerMapping : Mapped "{[/api/services/create],methods=[POST]}" onto public org.springframework.http.ResponseEntity<?> com.tlimskech.marketplace.category.services.ServicesController.create(com.tlimskech.marketplace.category.services.Services,org.springframework.web.multipart.MultipartFile[])
2020-06-15 10:14:16.954  INFO 22572 --- [restartedMain] s.w.s.m.m.a.RequestMappingHandlerMapping : Mapped "{[/api/vehicles/create],methods=[POST]}" onto public org.springframework.http.ResponseEntity<?> com.tlimskech.marketplace.category.vehicle.VehicleController.create(com.tlimskech.marketplace.category.vehicle.Vehicle,org.springframework.web.multipart.MultipartFile[]) throws java.io.IOException
2020-06-15 10:14:16.955  INFO 22572 --- [restartedMain] s.w.s.m.m.a.RequestMappingHandlerMapping : Mapped "{[/categories/categories],methods=[GET]}" onto public org.springframework.http.ResponseEntity<?> com.tlimskech.marketplace.global.category.CategoryController.list()
2020-06-15 10:14:16.956  INFO 22572 --- [restartedMain] s.w.s.m.m.a.RequestMappingHandlerMapping : Mapped "{[/categories/findAll],methods=[POST]}" onto public org.springframework.http.ResponseEntity<?> com.tlimskech.marketplace.global.category.CategoryController.findAll(com.tlimskech.marketplace.core.data.SearchRequest)
2020-06-15 10:14:16.956  INFO 22572 --- [restartedMain] s.w.s.m.m.a.RequestMappingHandlerMapping : Mapped "{[/categories/parentCategories],methods=[GET]}" onto public org.springframework.http.ResponseEntity<?> com.tlimskech.marketplace.global.category.CategoryController.parentCategories()
2020-06-15 10:14:16.956  INFO 22572 --- [restartedMain] s.w.s.m.m.a.RequestMappingHandlerMapping : Mapped "{[/categories/subcategories/{categoryCode}],methods=[GET]}" onto public org.springframework.http.ResponseEntity<?> com.tlimskech.marketplace.global.category.CategoryController.findCategoryByPk(java.lang.String)
2020-06-15 10:14:16.956  INFO 22572 --- [restartedMain] s.w.s.m.m.a.RequestMappingHandlerMapping : Mapped "{[/categories/create],methods=[POST]}" onto public org.springframework.http.ResponseEntity<?> com.tlimskech.marketplace.global.category.CategoryController.createCategory(com.tlimskech.marketplace.global.category.Category,org.springframework.web.multipart.MultipartFile)
2020-06-15 10:14:16.957  INFO 22572 --- [restartedMain] s.w.s.m.m.a.RequestMappingHandlerMapping : Mapped "{[/categories/findByParentCategory/{parentId}],methods=[GET]}" onto public org.springframework.http.ResponseEntity<?> com.tlimskech.marketplace.global.category.CategoryController.findByParentCategory(java.lang.Long)
2020-06-15 10:14:16.957  INFO 22572 --- [restartedMain] s.w.s.m.m.a.RequestMappingHandlerMapping : Mapped "{[/api/contacts/findAll],methods=[POST]}" onto public org.springframework.http.ResponseEntity<?> com.tlimskech.marketplace.global.contact.ContactController.create(com.tlimskech.marketplace.core.data.SearchRequest)
2020-06-15 10:14:16.958  INFO 22572 --- [restartedMain] s.w.s.m.m.a.RequestMappingHandlerMapping : Mapped "{[/api/contacts/create],methods=[POST]}" onto public org.springframework.http.ResponseEntity<?> com.tlimskech.marketplace.global.contact.ContactController.create(com.tlimskech.marketplace.global.contact.Contact)
2020-06-15 10:14:16.959  INFO 22572 --- [restartedMain] s.w.s.m.m.a.RequestMappingHandlerMapping : Mapped "{[/listItems/update],methods=[POST]}" onto public org.springframework.http.ResponseEntity<?> com.tlimskech.marketplace.global.listItem.ListItemController.update(com.tlimskech.marketplace.global.listItem.ListItem)
2020-06-15 10:14:16.959  INFO 22572 --- [restartedMain] s.w.s.m.m.a.RequestMappingHandlerMapping : Mapped "{[/listItems/findAll],methods=[POST]}" onto public org.springframework.http.ResponseEntity<?> com.tlimskech.marketplace.global.listItem.ListItemController.findAll(com.tlimskech.marketplace.core.data.SearchRequest)
2020-06-15 10:14:16.959  INFO 22572 --- [restartedMain] s.w.s.m.m.a.RequestMappingHandlerMapping : Mapped "{[/listItems/findByListTypeSubcategoryAndParentList/{itemType}/{subCode}/{parentListCode}],methods=[GET]}" onto public org.springframework.http.ResponseEntity<?> com.tlimskech.marketplace.global.listItem.ListItemController.findByListTypeSubcategoryParentListTypeAndParentList(java.lang.String,java.lang.String,java.lang.String)
2020-06-15 10:14:16.959  INFO 22572 --- [restartedMain] s.w.s.m.m.a.RequestMappingHandlerMapping : Mapped "{[/listItems/findByListType/{itemType}],methods=[GET]}" onto public org.springframework.http.ResponseEntity<?> com.tlimskech.marketplace.global.listItem.ListItemController.findByListType(java.lang.String)
2020-06-15 10:14:16.960  INFO 22572 --- [restartedMain] s.w.s.m.m.a.RequestMappingHandlerMapping : Mapped "{[/listItems/create],methods=[POST]}" onto public org.springframework.http.ResponseEntity<?> com.tlimskech.marketplace.global.listItem.ListItemController.createCategory(com.tlimskech.marketplace.global.listItem.ListItem)
2020-06-15 10:14:16.960  INFO 22572 --- [restartedMain] s.w.s.m.m.a.RequestMappingHandlerMapping : Mapped "{[/listItems/findByListTypeAndSubcategory/{itemType}/{subCode}],methods=[GET]}" onto public org.springframework.http.ResponseEntity<?> com.tlimskech.marketplace.global.listItem.ListItemController.findByListTypeAndSubcategory(java.lang.String,java.lang.String)
2020-06-15 10:14:16.962  INFO 22572 --- [restartedMain] s.w.s.m.m.a.RequestMappingHandlerMapping : Mapped "{[/],methods=[GET]}" onto public java.lang.String com.tlimskech.marketplace.IndexController.index()
2020-06-15 10:14:16.962  INFO 22572 --- [restartedMain] s.w.s.m.m.a.RequestMappingHandlerMapping : Mapped "{[/tlims/**],methods=[GET]}" onto public java.lang.String com.tlimskech.marketplace.IndexController.tlims()
2020-06-15 10:14:16.963  INFO 22572 --- [restartedMain] s.w.s.m.m.a.RequestMappingHandlerMapping : Mapped "{[/messages/create],methods=[POST]}" onto public org.springframework.http.ResponseEntity<?> com.tlimskech.marketplace.messaging.MessageController.addMessage(com.tlimskech.marketplace.messaging.Message)
2020-06-15 10:14:16.963  INFO 22572 --- [restartedMain] s.w.s.m.m.a.RequestMappingHandlerMapping : Mapped "{[/api/messages/getAllUserMessages],methods=[POST]}" onto public org.springframework.http.ResponseEntity<?> com.tlimskech.marketplace.messaging.MessageController.getUserMessages(com.tlimskech.marketplace.core.data.SearchRequest)
2020-06-15 10:14:16.964  INFO 22572 --- [restartedMain] s.w.s.m.m.a.RequestMappingHandlerMapping : Mapped "{[/emailSubs/unsubscribe/{email}],methods=[GET]}" onto public org.springframework.http.ResponseEntity<?> com.tlimskech.marketplace.newsletter.subemail.EmailSubController.unsubscribe(java.lang.String)
2020-06-15 10:14:16.964  INFO 22572 --- [restartedMain] s.w.s.m.m.a.RequestMappingHandlerMapping : Mapped "{[/emailSubs/subscribe],methods=[POST]}" onto public org.springframework.http.ResponseEntity<?> com.tlimskech.marketplace.newsletter.subemail.EmailSubController.subscribe(java.lang.String)
2020-06-15 10:14:16.965  INFO 22572 --- [restartedMain] s.w.s.m.m.a.RequestMappingHandlerMapping : Mapped "{[/storage/{key}],methods=[GET]}" onto public void com.tlimskech.marketplace.storage.StorageController.download(java.lang.String,javax.servlet.http.HttpServletResponse)
2020-06-15 10:14:16.967  INFO 22572 --- [restartedMain] s.w.s.m.m.a.RequestMappingHandlerMapping : Mapped "{[/error]}" onto public org.springframework.http.ResponseEntity<java.util.Map<java.lang.String, java.lang.Object>> org.springframework.boot.autoconfigure.web.servlet.error.BasicErrorController.error(javax.servlet.http.HttpServletRequest)
2020-06-15 10:14:16.967  INFO 22572 --- [restartedMain] s.w.s.m.m.a.RequestMappingHandlerMapping : Mapped "{[/error],produces=[text/html]}" onto public org.springframework.web.servlet.ModelAndView org.springframework.boot.autoconfigure.web.servlet.error.BasicErrorController.errorHtml(javax.servlet.http.HttpServletRequest,javax.servlet.http.HttpServletResponse)
2020-06-15 10:14:17.003  INFO 22572 --- [restartedMain] o.s.w.s.handler.SimpleUrlHandlerMapping  : Mapped URL path [/webjars/**] onto handler of type [class org.springframework.web.servlet.resource.ResourceHttpRequestHandler]
2020-06-15 10:14:17.004  INFO 22572 --- [restartedMain] o.s.w.s.handler.SimpleUrlHandlerMapping  : Mapped URL path [/**] onto handler of type [class org.springframework.web.servlet.resource.ResourceHttpRequestHandler]
2020-06-15 10:14:17.019  INFO 22572 --- [restartedMain] .m.m.a.ExceptionHandlerExceptionResolver : Detected @ExceptionHandler methods in errorControllerAdvice
2020-06-15 10:14:17.069  INFO 22572 --- [restartedMain] o.s.b.a.w.s.WelcomePageHandlerMapping    : Adding welcome page template: index
2020-06-15 10:14:17.561  INFO 22572 --- [restartedMain] o.s.b.d.a.OptionalLiveReloadServer       : LiveReload server is running on port 35729
2020-06-15 10:14:17.575  INFO 22572 --- [restartedMain] o.s.b.a.e.web.EndpointLinksResolver      : Exposing 2 endpoint(s) beneath base path '/actuator'
2020-06-15 10:14:17.586  INFO 22572 --- [restartedMain] s.b.a.e.w.s.WebMvcEndpointHandlerMapping : Mapped "{[/actuator/health],methods=[GET],produces=[application/vnd.spring-boot.actuator.v2+json || application/json]}" onto public java.lang.Object org.springframework.boot.actuate.endpoint.web.servlet.AbstractWebMvcEndpointHandlerMapping$OperationHandler.handle(javax.servlet.http.HttpServletRequest,java.util.Map<java.lang.String, java.lang.String>)
2020-06-15 10:14:17.586  INFO 22572 --- [restartedMain] s.b.a.e.w.s.WebMvcEndpointHandlerMapping : Mapped "{[/actuator/info],methods=[GET],produces=[application/vnd.spring-boot.actuator.v2+json || application/json]}" onto public java.lang.Object org.springframework.boot.actuate.endpoint.web.servlet.AbstractWebMvcEndpointHandlerMapping$OperationHandler.handle(javax.servlet.http.HttpServletRequest,java.util.Map<java.lang.String, java.lang.String>)
2020-06-15 10:14:17.587  INFO 22572 --- [restartedMain] s.b.a.e.w.s.WebMvcEndpointHandlerMapping : Mapped "{[/actuator],methods=[GET],produces=[application/vnd.spring-boot.actuator.v2+json || application/json]}" onto protected java.util.Map<java.lang.String, java.util.Map<java.lang.String, org.springframework.boot.actuate.endpoint.web.Link>> org.springframework.boot.actuate.endpoint.web.servlet.WebMvcEndpointHandlerMapping.links(javax.servlet.http.HttpServletRequest,javax.servlet.http.HttpServletResponse)
2020-06-15 10:14:17.656  INFO 22572 --- [restartedMain] o.s.j.e.a.AnnotationMBeanExporter        : Registering beans for JMX exposure on startup
2020-06-15 10:14:17.657  INFO 22572 --- [restartedMain] o.s.j.e.a.AnnotationMBeanExporter        : Bean with name 'dataSource' has been autodetected for JMX exposure
2020-06-15 10:14:17.664  INFO 22572 --- [restartedMain] o.s.j.e.a.AnnotationMBeanExporter        : Located MBean 'dataSource': registering with JMX server as MBean [com.zaxxer.hikari:name=dataSource,type=HikariDataSource]
2020-06-15 10:14:17.679  INFO 22572 --- [restartedMain] s.a.ScheduledAnnotationBeanPostProcessor : No TaskScheduler/ScheduledExecutorService bean found for scheduled processing
2020-06-15 10:14:17.716  INFO 22572 --- [restartedMain] o.s.b.w.embedded.tomcat.TomcatWebServer  : Tomcat started on port(s): 9000 (http) with context path ''
2020-06-15 10:14:17.719  INFO 22572 --- [restartedMain] c.t.marketplace.MarketplaceApplication   : Started MarketplaceApplication in 9.038 seconds (JVM running for 10.109)
2020-06-15 10:14:18.099  INFO 22572 --- [RMI TCP Connection(1)-192.168.43.242] o.a.c.c.C.[Tomcat].[localhost].[/]       : Initializing Spring FrameworkServlet 'dispatcherServlet'
2020-06-15 10:14:18.099  INFO 22572 --- [RMI TCP Connection(1)-192.168.43.242] o.s.web.servlet.DispatcherServlet        : FrameworkServlet 'dispatcherServlet': initialization started
2020-06-15 10:14:18.119  INFO 22572 --- [RMI TCP Connection(1)-192.168.43.242] o.s.web.servlet.DispatcherServlet        : FrameworkServlet 'dispatcherServlet': initialization completed in 20 ms
2020-06-15 10:15:46.894  WARN 22572 --- [http-nio-9000-exec-2] .m.m.a.ExceptionHandlerExceptionResolver : Resolved exception caused by Handler execution: javax.validation.ConstraintViolationException: subscribe.email: Not a valid email address
2020-06-15 10:15:53.831  WARN 22572 --- [http-nio-9000-exec-1] .m.m.a.ExceptionHandlerExceptionResolver : Resolved exception caused by Handler execution: javax.validation.ConstraintViolationException: subscribe.email: Not a valid email address
2020-06-15 10:16:10.437  INFO 22572 --- [http-nio-9000-exec-3] c.t.m.n.subemail.EmailSubController      : Email to subscribe goody.smart95@gmail.com
2020-06-15 10:16:10.478  INFO 22572 --- [http-nio-9000-exec-3] c.t.m.n.subemail.EmailSubController      : Email goody.smart95@gmail.com subscribed to newsletter
2020-06-15 10:17:12.017  INFO 22572 --- [http-nio-9000-exec-10] c.t.m.n.subemail.EmailSubController      : Email to subscribe goodluckndumanya1@gmail.com
2020-06-15 10:17:12.020  INFO 22572 --- [http-nio-9000-exec-10] c.t.m.n.subemail.EmailSubController      : Email goodluckndumanya1@gmail.com subscribed to newsletter
