2019-12-08 18:12:13,613 INFO org.apache.commons.logging.impl.Jdk14Logger [restartedMain] Starting MarketplaceApplication on DESKTOP-BUA8GD4 with PID 9284 (C:\devworks\tlimskechapi\target\classes started by Goodluck in C:\devworks\tlimskechapi)
2019-12-08 18:12:13,618 DEBUG org.apache.commons.logging.impl.Jdk14Logger [restartedMain] Running with Spring Boot v2.0.4.RELEASE, Spring v5.0.8.RELEASE
2019-12-08 18:12:13,618 INFO org.apache.commons.logging.impl.Jdk14Logger [restartedMain] The following profiles are active: dev
2019-12-08 18:12:13,700 INFO org.apache.commons.logging.impl.Jdk14Logger [restartedMain] Refreshing org.springframework.boot.web.servlet.context.AnnotationConfigServletWebServerApplicationContext@7c6d503f: startup date [Sun Dec 08 18:12:13 WAT 2019]; root of context hierarchy
2019-12-08 18:12:17,041 INFO org.apache.commons.logging.impl.Jdk14Logger [restartedMain] JSR-330 'javax.inject.Inject' annotation found and supported for autowiring
2019-12-08 18:12:17,215 INFO org.apache.commons.logging.impl.Jdk14Logger [restartedMain] Bean 'org.springframework.transaction.annotation.ProxyTransactionManagementConfiguration' of type [org.springframework.transaction.annotation.ProxyTransactionManagementConfiguration$$EnhancerBySpringCGLIB$$bc58fad2] is not eligible for getting processed by all BeanPostProcessors (for example: not eligible for auto-proxying)
2019-12-08 18:12:17,271 INFO org.apache.commons.logging.impl.Jdk14Logger [restartedMain] Bean 'org.springframework.security.config.annotation.configuration.ObjectPostProcessorConfiguration' of type [org.springframework.security.config.annotation.configuration.ObjectPostProcessorConfiguration$$EnhancerBySpringCGLIB$$5506c30c] is not eligible for getting processed by all BeanPostProcessors (for example: not eligible for auto-proxying)
2019-12-08 18:12:17,280 INFO org.apache.commons.logging.impl.Jdk14Logger [restartedMain] Bean 'objectPostProcessor' of type [org.springframework.security.config.annotation.configuration.AutowireBeanFactoryObjectPostProcessor] is not eligible for getting processed by all BeanPostProcessors (for example: not eligible for auto-proxying)
2019-12-08 18:12:17,285 INFO org.apache.commons.logging.impl.Jdk14Logger [restartedMain] Bean 'org.springframework.security.access.expression.method.DefaultMethodSecurityExpressionHandler@5da6eab6' of type [org.springframework.security.access.expression.method.DefaultMethodSecurityExpressionHandler] is not eligible for getting processed by all BeanPostProcessors (for example: not eligible for auto-proxying)
2019-12-08 18:12:17,297 INFO org.apache.commons.logging.impl.Jdk14Logger [restartedMain] Bean 'org.springframework.security.config.annotation.method.configuration.GlobalMethodSecurityConfiguration' of type [org.springframework.security.config.annotation.method.configuration.GlobalMethodSecurityConfiguration$$EnhancerBySpringCGLIB$$79db65be] is not eligible for getting processed by all BeanPostProcessors (for example: not eligible for auto-proxying)
2019-12-08 18:12:17,307 INFO org.apache.commons.logging.impl.Jdk14Logger [restartedMain] Bean 'methodSecurityMetadataSource' of type [org.springframework.security.access.method.DelegatingMethodSecurityMetadataSource] is not eligible for getting processed by all BeanPostProcessors (for example: not eligible for auto-proxying)
2019-12-08 18:12:17,945 INFO org.apache.commons.logging.impl.Jdk14Logger [restartedMain] Tomcat initialized with port(s): 9000 (http)
2019-12-08 18:12:17,971 INFO org.apache.juli.logging.DirectJDKLog [restartedMain] Starting service [Tomcat]
2019-12-08 18:12:17,972 INFO org.apache.juli.logging.DirectJDKLog [restartedMain] Starting Servlet Engine: Apache Tomcat/8.5.32
2019-12-08 18:12:17,976 INFO org.apache.juli.logging.DirectJDKLog [localhost-startStop-1] The APR based Apache Tomcat Native library which allows optimal performance in production environments was not found on the java.library.path: [C:\Program Files\Java\jdk1.8.0_202\bin;C:\WINDOWS\Sun\Java\bin;C:\WINDOWS\system32;C:\WINDOWS;C:\Program Files\Docker\Docker\Resources\bin;C:\app\Goodluck\product\11.2.0\client_1;C:\oraclexe\app\oracle\product\11.2.0\server\bin;C:\Program Files (x86)\Common Files\Oracle\Java\javapath;C:\Program Files (x86)\Intel\iCLS Client\;C:\Program Files\Intel\iCLS Client\;C:\Windows\system32;C:\Windows;C:\Windows\System32\Wbem;C:\Windows\System32\WindowsPowerShell\v1.0\;C:\Program Files (x86)\Intel\Intel(R) Management Engine Components\DAL;C:\Program Files\Intel\Intel(R) Management Engine Components\DAL;C:\Program Files (x86)\Intel\Intel(R) Management Engine Components\IPT;C:\Program Files\Intel\Intel(R) Management Engine Components\IPT;C:\Program Files (x86)\NVIDIA Corporation\PhysX\Common;C:\Program Files\nodejs\;C:\Program Files\Java\jdk1.8.0_202\bin;C:\Users\Goodluck\Documents\Installables\apache-maven-3.6.1\bin;C:\Program Files\Git\cmd;C:\flutter\flutter\bin;C:\PostgreSQL\pg10\bin;C:\Program Files (x86)\Google\Cloud SDK\google-cloud-sdk\bin;C:\WINDOWS\system32;C:\WINDOWS;C:\WINDOWS\System32\Wbem;C:\WINDOWS\System32\WindowsPowerShell\v1.0\;C:\WINDOWS\System32\OpenSSH\;C:\Program Files\Intel\WiFi\bin\;C:\Program Files\Common Files\Intel\WirelessCommon\;C:\Program Files\Microsoft SQL Server\Client SDK\ODBC\170\Tools\Binn\;C:\Program Files (x86)\Microsoft SQL Server\150\Tools\Binn\;C:\Program Files\Microsoft SQL Server\150\Tools\Binn\;C:\Program Files\Microsoft SQL Server\150\DTS\Binn\;C:\Program Files (x86)\Microsoft SQL Server\150\DTS\Binn\;C:\Program Files\MySQL\MySQL Shell 8.0\bin\;C:\Users\Goodluck\AppData\Local\Microsoft\WindowsApps;C:\Users\Goodluck\AppData\Roaming\npm;C:\Program Files\heroku\bin;C:\Users\Goodluck\AppData\Local\Programs\Microsoft VS Code\bin;;.]
2019-12-08 18:12:18,089 INFO org.apache.juli.logging.DirectJDKLog [localhost-startStop-1] Initializing Spring embedded WebApplicationContext
2019-12-08 18:12:18,090 INFO org.apache.commons.logging.impl.Jdk14Logger [localhost-startStop-1] Root WebApplicationContext: initialization completed in 4390 ms
2019-12-08 18:12:19,073 INFO org.apache.commons.logging.impl.Jdk14Logger [localhost-startStop-1] Mapping filter: 'characterEncodingFilter' to: [/*]
2019-12-08 18:12:19,073 INFO org.apache.commons.logging.impl.Jdk14Logger [localhost-startStop-1] Mapping filter: 'webMvcMetricsFilter' to: [/*]
2019-12-08 18:12:19,074 INFO org.apache.commons.logging.impl.Jdk14Logger [localhost-startStop-1] Mapping filter: 'hiddenHttpMethodFilter' to: [/*]
2019-12-08 18:12:19,074 INFO org.apache.commons.logging.impl.Jdk14Logger [localhost-startStop-1] Mapping filter: 'httpPutFormContentFilter' to: [/*]
2019-12-08 18:12:19,074 INFO org.apache.commons.logging.impl.Jdk14Logger [localhost-startStop-1] Mapping filter: 'requestContextFilter' to: [/*]
2019-12-08 18:12:19,074 INFO org.apache.commons.logging.impl.Jdk14Logger [localhost-startStop-1] Mapping filter: 'springSecurityFilterChain' to: [/*]
2019-12-08 18:12:19,074 INFO org.apache.commons.logging.impl.Jdk14Logger [localhost-startStop-1] Mapping filter: 'httpTraceFilter' to: [/*]
2019-12-08 18:12:19,075 INFO org.apache.commons.logging.impl.Jdk14Logger [localhost-startStop-1] Servlet dispatcherServlet mapped to [/]
2019-12-08 18:12:19,311 INFO org.apache.commons.logging.impl.Jdk14Logger [restartedMain] Building JPA container EntityManagerFactory for persistence unit 'default'
2019-12-08 18:12:19,326 INFO org.hibernate.jpa.internal.util.LogHelper [restartedMain] HHH000204: Processing PersistenceUnitInfo [
	name: default
	...]
2019-12-08 18:12:19,401 INFO org.hibernate.Version [restartedMain] HHH000412: Hibernate Core {5.2.17.Final}
2019-12-08 18:12:19,402 INFO org.hibernate.cfg.Environment [restartedMain] HHH000206: hibernate.properties not found
2019-12-08 18:12:19,434 INFO org.hibernate.annotations.common.reflection.java.JavaReflectionManager [restartedMain] HCANN000001: Hibernate Commons Annotations {5.0.1.Final}
2019-12-08 18:12:19,635 INFO com.zaxxer.hikari.HikariDataSource [restartedMain] HikariPool-1 - Starting...
2019-12-08 18:12:19,818 INFO com.zaxxer.hikari.HikariDataSource [restartedMain] HikariPool-1 - Start completed.
2019-12-08 18:12:19,826 INFO org.hibernate.dialect.Dialect [restartedMain] HHH000400: Using dialect: org.hibernate.dialect.MySQL5Dialect
2019-12-08 18:12:19,999 WARN org.hibernate.cfg.AnnotationBinder [restartedMain] HHH000457: Joined inheritance hierarchy [com.tlimskech.marketplace.ad.Ad] defined explicit @DiscriminatorColumn.  Legacy Hibernate behavior was to ignore the @DiscriminatorColumn.  However, as part of issue HHH-6911 we now apply the explicit @DiscriminatorColumn.  If you would prefer the legacy behavior, enable the `hibernate.discriminator.ignore_explicit_for_joined` setting (hibernate.discriminator.ignore_explicit_for_joined=true)
2019-12-08 18:12:21,304 WARN org.hibernate.tool.schema.internal.ExceptionHandlerLoggedImpl [restartedMain] GenerationTarget encountered exception accepting command : Error executing DDL via JDBC Statement
org.hibernate.tool.schema.spi.CommandAcceptanceException: Error executing DDL via JDBC Statement
	at org.hibernate.tool.schema.internal.exec.GenerationTargetToDatabase.accept(GenerationTargetToDatabase.java:67)
	at org.hibernate.tool.schema.internal.AbstractSchemaMigrator.applySqlString(AbstractSchemaMigrator.java:559)
	at org.hibernate.tool.schema.internal.AbstractSchemaMigrator.applySqlStrings(AbstractSchemaMigrator.java:504)
	at org.hibernate.tool.schema.internal.AbstractSchemaMigrator.createTable(AbstractSchemaMigrator.java:277)
	at org.hibernate.tool.schema.internal.GroupedSchemaMigratorImpl.performTablesMigration(GroupedSchemaMigratorImpl.java:71)
	at org.hibernate.tool.schema.internal.AbstractSchemaMigrator.performMigration(AbstractSchemaMigrator.java:207)
	at org.hibernate.tool.schema.internal.AbstractSchemaMigrator.doMigration(AbstractSchemaMigrator.java:114)
	at org.hibernate.tool.schema.spi.SchemaManagementToolCoordinator.performDatabaseAction(SchemaManagementToolCoordinator.java:183)
	at org.hibernate.tool.schema.spi.SchemaManagementToolCoordinator.process(SchemaManagementToolCoordinator.java:72)
	at org.hibernate.internal.SessionFactoryImpl.<init>(SessionFactoryImpl.java:312)
	at org.hibernate.boot.internal.SessionFactoryBuilderImpl.build(SessionFactoryBuilderImpl.java:462)
	at org.hibernate.jpa.boot.internal.EntityManagerFactoryBuilderImpl.build(EntityManagerFactoryBuilderImpl.java:892)
	at org.springframework.orm.jpa.vendor.SpringHibernateJpaPersistenceProvider.createContainerEntityManagerFactory(SpringHibernateJpaPersistenceProvider.java:57)
	at org.springframework.orm.jpa.LocalContainerEntityManagerFactoryBean.createNativeEntityManagerFactory(LocalContainerEntityManagerFactoryBean.java:365)
	at org.springframework.orm.jpa.AbstractEntityManagerFactoryBean.buildNativeEntityManagerFactory(AbstractEntityManagerFactoryBean.java:390)
	at org.springframework.orm.jpa.AbstractEntityManagerFactoryBean.afterPropertiesSet(AbstractEntityManagerFactoryBean.java:377)
	at org.springframework.orm.jpa.LocalContainerEntityManagerFactoryBean.afterPropertiesSet(LocalContainerEntityManagerFactoryBean.java:341)
	at org.springframework.beans.factory.support.AbstractAutowireCapableBeanFactory.invokeInitMethods(AbstractAutowireCapableBeanFactory.java:1758)
	at org.springframework.beans.factory.support.AbstractAutowireCapableBeanFactory.initializeBean(AbstractAutowireCapableBeanFactory.java:1695)
	at org.springframework.beans.factory.support.AbstractAutowireCapableBeanFactory.doCreateBean(AbstractAutowireCapableBeanFactory.java:573)
	at org.springframework.beans.factory.support.AbstractAutowireCapableBeanFactory.createBean(AbstractAutowireCapableBeanFactory.java:495)
	at org.springframework.beans.factory.support.AbstractBeanFactory.lambda$doGetBean$0(AbstractBeanFactory.java:317)
	at org.springframework.beans.factory.support.DefaultSingletonBeanRegistry.getSingleton(DefaultSingletonBeanRegistry.java:222)
	at org.springframework.beans.factory.support.AbstractBeanFactory.doGetBean(AbstractBeanFactory.java:315)
	at org.springframework.beans.factory.support.AbstractBeanFactory.getBean(AbstractBeanFactory.java:199)
	at org.springframework.context.support.AbstractApplicationContext.getBean(AbstractApplicationContext.java:1089)
	at org.springframework.context.support.AbstractApplicationContext.finishBeanFactoryInitialization(AbstractApplicationContext.java:859)
	at org.springframework.context.support.AbstractApplicationContext.refresh(AbstractApplicationContext.java:550)
	at org.springframework.boot.web.servlet.context.ServletWebServerApplicationContext.refresh(ServletWebServerApplicationContext.java:140)
	at org.springframework.boot.SpringApplication.refresh(SpringApplication.java:762)
	at org.springframework.boot.SpringApplication.refreshContext(SpringApplication.java:398)
	at org.springframework.boot.SpringApplication.run(SpringApplication.java:330)
	at org.springframework.boot.SpringApplication.run(SpringApplication.java:1258)
	at org.springframework.boot.SpringApplication.run(SpringApplication.java:1246)
	at com.tlimskech.marketplace.MarketplaceApplication.main(MarketplaceApplication.java:23)
	at sun.reflect.NativeMethodAccessorImpl.invoke0(Native Method)
	at sun.reflect.NativeMethodAccessorImpl.invoke(NativeMethodAccessorImpl.java:62)
	at sun.reflect.DelegatingMethodAccessorImpl.invoke(DelegatingMethodAccessorImpl.java:43)
	at java.lang.reflect.Method.invoke(Method.java:498)
	at org.springframework.boot.devtools.restart.RestartLauncher.run(RestartLauncher.java:49)
Caused by: com.mysql.jdbc.exceptions.jdbc4.MySQLSyntaxErrorException: You have an error in your SQL syntax; check the manual that corresponds to your MariaDB server version for the right syntax to use near 'read bit not null, subject varchar(255) not null, primary key (id)) engine=MyISA' at line 1
	at sun.reflect.NativeConstructorAccessorImpl.newInstance0(Native Method)
	at sun.reflect.NativeConstructorAccessorImpl.newInstance(NativeConstructorAccessorImpl.java:62)
	at sun.reflect.DelegatingConstructorAccessorImpl.newInstance(DelegatingConstructorAccessorImpl.java:45)
	at java.lang.reflect.Constructor.newInstance(Constructor.java:423)
	at com.mysql.jdbc.Util.handleNewInstance(Util.java:425)
	at com.mysql.jdbc.Util.getInstance(Util.java:408)
	at com.mysql.jdbc.SQLError.createSQLException(SQLError.java:944)
	at com.mysql.jdbc.MysqlIO.checkErrorPacket(MysqlIO.java:3976)
	at com.mysql.jdbc.MysqlIO.checkErrorPacket(MysqlIO.java:3912)
	at com.mysql.jdbc.MysqlIO.sendCommand(MysqlIO.java:2530)
	at com.mysql.jdbc.MysqlIO.sqlQueryDirect(MysqlIO.java:2683)
	at com.mysql.jdbc.ConnectionImpl.execSQL(ConnectionImpl.java:2482)
	at com.mysql.jdbc.ConnectionImpl.execSQL(ConnectionImpl.java:2440)
	at com.mysql.jdbc.StatementImpl.executeInternal(StatementImpl.java:845)
	at com.mysql.jdbc.StatementImpl.execute(StatementImpl.java:745)
	at com.zaxxer.hikari.pool.ProxyStatement.execute(ProxyStatement.java:95)
	at com.zaxxer.hikari.pool.HikariProxyStatement.execute(HikariProxyStatement.java)
	at org.hibernate.tool.schema.internal.exec.GenerationTargetToDatabase.accept(GenerationTargetToDatabase.java:54)
	... 39 common frames omitted
2019-12-08 18:12:21,753 INFO org.apache.commons.logging.impl.Jdk14Logger [restartedMain] Initialized JPA EntityManagerFactory for persistence unit 'default'
2019-12-08 18:12:22,286 INFO org.hibernate.hql.internal.QueryTranslatorFactoryInitiator [restartedMain] HHH000397: Using ASTQueryTranslatorFactory
2019-12-08 18:12:23,846 INFO org.apache.commons.logging.impl.Jdk14Logger [restartedMain] Creating filter chain: Ant [pattern='/assets/**'], []
2019-12-08 18:12:23,847 INFO org.apache.commons.logging.impl.Jdk14Logger [restartedMain] Creating filter chain: Ant [pattern='/resources/**'], []
2019-12-08 18:12:23,848 INFO org.apache.commons.logging.impl.Jdk14Logger [restartedMain] Creating filter chain: Ant [pattern='/static/**'], []
2019-12-08 18:12:23,848 INFO org.apache.commons.logging.impl.Jdk14Logger [restartedMain] Creating filter chain: Ant [pattern='/css/**'], []
2019-12-08 18:12:23,849 INFO org.apache.commons.logging.impl.Jdk14Logger [restartedMain] Creating filter chain: Ant [pattern='/js/**'], []
2019-12-08 18:12:23,849 INFO org.apache.commons.logging.impl.Jdk14Logger [restartedMain] Creating filter chain: Ant [pattern='/images/**'], []
2019-12-08 18:12:23,920 INFO org.apache.commons.logging.impl.Jdk14Logger [restartedMain] Creating filter chain: org.springframework.security.web.util.matcher.AnyRequestMatcher@1, [org.springframework.security.web.context.request.async.WebAsyncManagerIntegrationFilter@245dd569, org.springframework.security.web.context.SecurityContextPersistenceFilter@3b9f3e5d, org.springframework.security.web.header.HeaderWriterFilter@3b873ecb, org.springframework.security.web.authentication.logout.LogoutFilter@500f9d6, com.tlimskech.marketplace.security.config.CorsConfig@622e21a9, com.tlimskech.marketplace.security.login.SecurityAuthenticationTokenFilter@3e01c023, com.tlimskech.marketplace.security.AppTokenAuthenticationProcessingFilter@5fa8ed12, org.springframework.security.web.savedrequest.RequestCacheAwareFilter@1d5841cb, org.springframework.security.web.servletapi.SecurityContextHolderAwareRequestFilter@3839bd2e, org.springframework.security.web.authentication.AnonymousAuthenticationFilter@15949d13, org.springframework.security.web.session.SessionManagementFilter@5b87a5e2, org.springframework.security.web.access.ExceptionTranslationFilter@538664d9, org.springframework.security.web.access.intercept.FilterSecurityInterceptor@4d509f51]
2019-12-08 18:12:24,049 INFO org.apache.commons.logging.impl.Jdk14Logger [restartedMain] Mapped URL path [/**/favicon.ico] onto handler of type [class org.springframework.web.servlet.resource.ResourceHttpRequestHandler]
2019-12-08 18:12:24,138 INFO org.apache.commons.logging.impl.Jdk14Logger [restartedMain] Looking for @ControllerAdvice: org.springframework.boot.web.servlet.context.AnnotationConfigServletWebServerApplicationContext@7c6d503f: startup date [Sun Dec 08 18:12:13 WAT 2019]; root of context hierarchy
2019-12-08 18:12:24,176 WARN org.apache.commons.logging.impl.Jdk14Logger [restartedMain] spring.jpa.open-in-view is enabled by default. Therefore, database queries may be performed during view rendering. Explicitly configure spring.jpa.open-in-view to disable this warning
2019-12-08 18:12:24,209 INFO org.apache.commons.logging.impl.Jdk14Logger [restartedMain] Mapped "{[/ads/findById/{id}],methods=[GET]}" onto public org.springframework.http.ResponseEntity<?> com.tlimskech.marketplace.ad.AdController.findById(java.lang.Long)
2019-12-08 18:12:24,210 INFO org.apache.commons.logging.impl.Jdk14Logger [restartedMain] Mapped "{[/ads/categoryCode/{catCode}],methods=[GET]}" onto public org.springframework.http.ResponseEntity<?> com.tlimskech.marketplace.ad.AdController.findById(java.lang.String)
2019-12-08 18:12:24,211 INFO org.apache.commons.logging.impl.Jdk14Logger [restartedMain] Mapped "{[/ads/pendingAds],methods=[POST]}" onto public org.springframework.http.ResponseEntity<?> com.tlimskech.marketplace.ad.AdController.pendingAds(com.tlimskech.marketplace.core.data.SearchRequest)
2019-12-08 18:12:24,211 INFO org.apache.commons.logging.impl.Jdk14Logger [restartedMain] Mapped "{[/ads/declinedAds],methods=[POST]}" onto public org.springframework.http.ResponseEntity<?> com.tlimskech.marketplace.ad.AdController.declinedAds(com.tlimskech.marketplace.core.data.SearchRequest)
2019-12-08 18:12:24,212 INFO org.apache.commons.logging.impl.Jdk14Logger [restartedMain] Mapped "{[/ads/approveAd],methods=[POST]}" onto public org.springframework.http.ResponseEntity<?> com.tlimskech.marketplace.ad.AdController.approve(com.tlimskech.marketplace.ad.Ad)
2019-12-08 18:12:24,212 INFO org.apache.commons.logging.impl.Jdk14Logger [restartedMain] Mapped "{[/ads/sponsoredAds],methods=[POST]}" onto public org.springframework.http.ResponseEntity<?> com.tlimskech.marketplace.ad.AdController.sponsoredAds(com.tlimskech.marketplace.core.data.SearchRequest)
2019-12-08 18:12:24,213 INFO org.apache.commons.logging.impl.Jdk14Logger [restartedMain] Mapped "{[/ads/sponsoredOrNot],methods=[POST]}" onto public org.springframework.http.ResponseEntity<?> com.tlimskech.marketplace.ad.AdController.sponsoredOrNot(com.tlimskech.marketplace.ad.Ad)
2019-12-08 18:12:24,213 INFO org.apache.commons.logging.impl.Jdk14Logger [restartedMain] Mapped "{[/ads/rejectAd],methods=[POST]}" onto public org.springframework.http.ResponseEntity<?> com.tlimskech.marketplace.ad.AdController.rejectAd(com.tlimskech.marketplace.ad.Ad)
2019-12-08 18:12:24,214 INFO org.apache.commons.logging.impl.Jdk14Logger [restartedMain] Mapped "{[/ads/adListAdvance],methods=[POST]}" onto public org.springframework.http.ResponseEntity<?> com.tlimskech.marketplace.ad.AdController.adList(com.tlimskech.marketplace.ad.Ad)
2019-12-08 18:12:24,214 INFO org.apache.commons.logging.impl.Jdk14Logger [restartedMain] Mapped "{[/ads/adList],methods=[POST]}" onto public org.springframework.http.ResponseEntity<?> com.tlimskech.marketplace.ad.AdController.adList(com.tlimskech.marketplace.core.data.SearchRequest)
2019-12-08 18:12:24,215 INFO org.apache.commons.logging.impl.Jdk14Logger [restartedMain] Mapped "{[/ads/advanceAdListing],methods=[POST]}" onto public org.springframework.http.ResponseEntity<?> com.tlimskech.marketplace.ad.AdController.adListing(com.tlimskech.marketplace.core.data.NTuple)
2019-12-08 18:12:24,215 INFO org.apache.commons.logging.impl.Jdk14Logger [restartedMain] Mapped "{[/ads/archivedAds],methods=[POST]}" onto public org.springframework.http.ResponseEntity<?> com.tlimskech.marketplace.ad.AdController.archivedAds(com.tlimskech.marketplace.core.data.SearchRequest)
2019-12-08 18:12:24,215 INFO org.apache.commons.logging.impl.Jdk14Logger [restartedMain] Mapped "{[/ads/featuredOrNot],methods=[POST]}" onto public org.springframework.http.ResponseEntity<?> com.tlimskech.marketplace.ad.AdController.featuredOrNot(com.tlimskech.marketplace.ad.Ad)
2019-12-08 18:12:24,216 INFO org.apache.commons.logging.impl.Jdk14Logger [restartedMain] Mapped "{[/ads/featuredAds],methods=[POST]}" onto public org.springframework.http.ResponseEntity<?> com.tlimskech.marketplace.ad.AdController.featuredAds(com.tlimskech.marketplace.core.data.SearchRequest)
2019-12-08 18:12:24,216 INFO org.apache.commons.logging.impl.Jdk14Logger [restartedMain] Mapped "{[/ads/adHistory],methods=[POST]}" onto public org.springframework.http.ResponseEntity<?> com.tlimskech.marketplace.ad.AdController.adHistory(com.tlimskech.marketplace.core.data.SearchRequest)
2019-12-08 18:12:24,217 INFO org.apache.commons.logging.impl.Jdk14Logger [restartedMain] Mapped "{[/ads/globalSearch],methods=[POST]}" onto public org.springframework.http.ResponseEntity<?> com.tlimskech.marketplace.ad.AdController.globalSearch(com.tlimskech.marketplace.core.data.SearchRequest)
2019-12-08 18:12:24,217 INFO org.apache.commons.logging.impl.Jdk14Logger [restartedMain] Mapped "{[/ads/activateOrDeactivate],methods=[POST]}" onto public org.springframework.http.ResponseEntity<?> com.tlimskech.marketplace.ad.AdController.activateOrDeactivateAd(com.tlimskech.marketplace.ad.Ad)
2019-12-08 18:12:24,219 INFO org.apache.commons.logging.impl.Jdk14Logger [restartedMain] Mapped "{[/auth/verify/{code}],methods=[GET]}" onto public org.springframework.http.ResponseEntity<?> com.tlimskech.marketplace.auth.AuthController.verifyUser(java.lang.String)
2019-12-08 18:12:24,220 INFO org.apache.commons.logging.impl.Jdk14Logger [restartedMain] Mapped "{[/auth/fbLogin],methods=[GET]}" onto public org.springframework.http.ResponseEntity<?> com.tlimskech.marketplace.auth.AuthController.fbLogin(java.lang.String)
2019-12-08 18:12:24,221 INFO org.apache.commons.logging.impl.Jdk14Logger [restartedMain] Mapped "{[/auth/create],methods=[POST]}" onto public org.springframework.http.ResponseEntity<?> com.tlimskech.marketplace.auth.AuthController.createUser(com.tlimskech.marketplace.auth.user.User)
2019-12-08 18:12:24,222 INFO org.apache.commons.logging.impl.Jdk14Logger [restartedMain] Mapped "{[/api/users/findByUsername/{username}],methods=[GET]}" onto public org.springframework.http.ResponseEntity<?> com.tlimskech.marketplace.auth.user.UserController.findByUsername(java.lang.String)
2019-12-08 18:12:24,223 INFO org.apache.commons.logging.impl.Jdk14Logger [restartedMain] Mapped "{[/api/users/listUserAds],methods=[POST]}" onto public org.springframework.http.ResponseEntity<?> com.tlimskech.marketplace.auth.user.UserController.listUserAds(com.tlimskech.marketplace.core.data.SearchRequest)
2019-12-08 18:12:24,223 INFO org.apache.commons.logging.impl.Jdk14Logger [restartedMain] Mapped "{[/api/users/findAll],methods=[POST]}" onto public org.springframework.http.ResponseEntity<?> com.tlimskech.marketplace.auth.user.UserController.findAllUser(com.tlimskech.marketplace.core.data.SearchRequest)
2019-12-08 18:12:24,223 INFO org.apache.commons.logging.impl.Jdk14Logger [restartedMain] Mapped "{[/api/users/updateProfile],methods=[POST]}" onto public org.springframework.http.ResponseEntity<?> com.tlimskech.marketplace.auth.user.UserController.updateProfile(com.tlimskech.marketplace.auth.user.User)
2019-12-08 18:12:24,224 INFO org.apache.commons.logging.impl.Jdk14Logger [restartedMain] Mapped "{[/api/users/changePassword],methods=[POST]}" onto public org.springframework.http.ResponseEntity<?> com.tlimskech.marketplace.auth.user.UserController.updateUser(com.tlimskech.marketplace.auth.data.ChangePasswordRequest)
2019-12-08 18:12:24,224 INFO org.apache.commons.logging.impl.Jdk14Logger [restartedMain] Mapped "{[/api/users/update],methods=[POST]}" onto public org.springframework.http.ResponseEntity<?> com.tlimskech.marketplace.auth.user.UserController.updateUser(com.tlimskech.marketplace.auth.user.User)
2019-12-08 18:12:24,224 INFO org.apache.commons.logging.impl.Jdk14Logger [restartedMain] Mapped "{[/api/users/create],methods=[POST]}" onto public org.springframework.http.ResponseEntity<?> com.tlimskech.marketplace.auth.user.UserController.createUser(com.tlimskech.marketplace.auth.user.User)
2019-12-08 18:12:24,225 INFO org.apache.commons.logging.impl.Jdk14Logger [restartedMain] Mapped "{[/api/users/getCurrentUserDetails],methods=[GET]}" onto public org.springframework.http.ResponseEntity<?> com.tlimskech.marketplace.auth.user.UserController.getCurrentUserDetails()
2019-12-08 18:12:24,225 INFO org.apache.commons.logging.impl.Jdk14Logger [restartedMain] Mapped "{[/api/beauties/create],methods=[POST]}" onto public org.springframework.http.ResponseEntity<?> com.tlimskech.marketplace.category.beautyhealth.BeautyController.create(com.tlimskech.marketplace.category.beautyhealth.Beauty,org.springframework.web.multipart.MultipartFile[])
2019-12-08 18:12:24,226 INFO org.apache.commons.logging.impl.Jdk14Logger [restartedMain] Mapped "{[/api/commercials/create],methods=[POST]}" onto public org.springframework.http.ResponseEntity<?> com.tlimskech.marketplace.category.commercial.CommercialToolController.createFashion(com.tlimskech.marketplace.category.commercial.CommercialTool,org.springframework.web.multipart.MultipartFile[])
2019-12-08 18:12:24,226 INFO org.apache.commons.logging.impl.Jdk14Logger [restartedMain] Mapped "{[/api/electronics/create],methods=[POST]}" onto public org.springframework.http.ResponseEntity<?> com.tlimskech.marketplace.category.electronic.ElectronicController.createElectronic(com.tlimskech.marketplace.category.electronic.Electronic,org.springframework.web.multipart.MultipartFile[])
2019-12-08 18:12:24,227 INFO org.apache.commons.logging.impl.Jdk14Logger [restartedMain] Mapped "{[/api/fashions/create],methods=[POST]}" onto public org.springframework.http.ResponseEntity<?> com.tlimskech.marketplace.category.fashion.FashionController.createFashion(com.tlimskech.marketplace.category.fashion.Fashion,org.springframework.web.multipart.MultipartFile[])
2019-12-08 18:12:24,228 INFO org.apache.commons.logging.impl.Jdk14Logger [restartedMain] Mapped "{[/api/favorites/create],methods=[POST]}" onto public org.springframework.http.ResponseEntity<?> com.tlimskech.marketplace.category.favorite.FavoriteController.add(com.tlimskech.marketplace.category.favorite.Favorite)
2019-12-08 18:12:24,229 INFO org.apache.commons.logging.impl.Jdk14Logger [restartedMain] Mapped "{[/api/favorites/list],methods=[POST]}" onto public org.springframework.http.ResponseEntity<?> com.tlimskech.marketplace.category.favorite.FavoriteController.list(com.tlimskech.marketplace.core.data.SearchRequest)
2019-12-08 18:12:24,230 INFO org.apache.commons.logging.impl.Jdk14Logger [restartedMain] Mapped "{[/api/favorites/added/{postId}],methods=[GET]}" onto public org.springframework.http.ResponseEntity<?> com.tlimskech.marketplace.category.favorite.FavoriteController.added(java.lang.Long)
2019-12-08 18:12:24,230 INFO org.apache.commons.logging.impl.Jdk14Logger [restartedMain] Mapped "{[/api/gardens/create],methods=[POST]}" onto public org.springframework.http.ResponseEntity<?> com.tlimskech.marketplace.category.homegarden.HomeGardenController.createFashion(com.tlimskech.marketplace.category.homegarden.HomeGarden,org.springframework.web.multipart.MultipartFile[])
2019-12-08 18:12:24,230 INFO org.apache.commons.logging.impl.Jdk14Logger [restartedMain] Mapped "{[/api/jobs/create],methods=[POST]}" onto public org.springframework.http.ResponseEntity<?> com.tlimskech.marketplace.category.job.JobController.createFashion(com.tlimskech.marketplace.category.job.Job,org.springframework.web.multipart.MultipartFile[])
2019-12-08 18:12:24,231 INFO org.apache.commons.logging.impl.Jdk14Logger [restartedMain] Mapped "{[/api/kids/create],methods=[POST]}" onto public org.springframework.http.ResponseEntity<?> com.tlimskech.marketplace.category.kid.KidController.create(com.tlimskech.marketplace.category.kid.Kid,org.springframework.web.multipart.MultipartFile[]) throws java.io.IOException
2019-12-08 18:12:24,232 INFO org.apache.commons.logging.impl.Jdk14Logger [restartedMain] Mapped "{[/api/mobiles/create],methods=[POST]}" onto public org.springframework.http.ResponseEntity<?> com.tlimskech.marketplace.category.mobile.MobileController.create(com.tlimskech.marketplace.category.mobile.Mobile,org.springframework.web.multipart.MultipartFile[])
2019-12-08 18:12:24,232 INFO org.apache.commons.logging.impl.Jdk14Logger [restartedMain] Mapped "{[/api/pets/create],methods=[POST]}" onto public org.springframework.http.ResponseEntity<?> com.tlimskech.marketplace.category.pet.PetController.create(com.tlimskech.marketplace.category.pet.Pet,org.springframework.web.multipart.MultipartFile[])
2019-12-08 18:12:24,233 INFO org.apache.commons.logging.impl.Jdk14Logger [restartedMain] Mapped "{[/api/realestates/create],methods=[POST]}" onto public org.springframework.http.ResponseEntity<?> com.tlimskech.marketplace.category.realestate.RealEstateController.create(com.tlimskech.marketplace.category.realestate.RealEstate,org.springframework.web.multipart.MultipartFile[])
2019-12-08 18:12:24,233 INFO org.apache.commons.logging.impl.Jdk14Logger [restartedMain] Mapped "{[/api/repairs/create],methods=[POST]}" onto public org.springframework.http.ResponseEntity<?> com.tlimskech.marketplace.category.repair.RepairController.create(com.tlimskech.marketplace.category.repair.Repair,org.springframework.web.multipart.MultipartFile[]) throws java.io.IOException
2019-12-08 18:12:24,234 INFO org.apache.commons.logging.impl.Jdk14Logger [restartedMain] Mapped "{[/api/services/create],methods=[POST]}" onto public org.springframework.http.ResponseEntity<?> com.tlimskech.marketplace.category.services.ServicesController.create(com.tlimskech.marketplace.category.services.Services,org.springframework.web.multipart.MultipartFile[])
2019-12-08 18:12:24,234 INFO org.apache.commons.logging.impl.Jdk14Logger [restartedMain] Mapped "{[/api/vehicles/create],methods=[POST]}" onto public org.springframework.http.ResponseEntity<?> com.tlimskech.marketplace.category.vehicle.VehicleController.create(com.tlimskech.marketplace.category.vehicle.Vehicle,org.springframework.web.multipart.MultipartFile[]) throws java.io.IOException
2019-12-08 18:12:24,236 INFO org.apache.commons.logging.impl.Jdk14Logger [restartedMain] Mapped "{[/categories/categories],methods=[GET]}" onto public org.springframework.http.ResponseEntity<?> com.tlimskech.marketplace.global.category.CategoryController.list()
2019-12-08 18:12:24,236 INFO org.apache.commons.logging.impl.Jdk14Logger [restartedMain] Mapped "{[/categories/findAll],methods=[POST]}" onto public org.springframework.http.ResponseEntity<?> com.tlimskech.marketplace.global.category.CategoryController.findAll(com.tlimskech.marketplace.core.data.SearchRequest)
2019-12-08 18:12:24,236 INFO org.apache.commons.logging.impl.Jdk14Logger [restartedMain] Mapped "{[/categories/subcategories/{categoryCode}],methods=[GET]}" onto public org.springframework.http.ResponseEntity<?> com.tlimskech.marketplace.global.category.CategoryController.findCategoryByPk(java.lang.String)
2019-12-08 18:12:24,237 INFO org.apache.commons.logging.impl.Jdk14Logger [restartedMain] Mapped "{[/categories/create],methods=[POST]}" onto public org.springframework.http.ResponseEntity<?> com.tlimskech.marketplace.global.category.CategoryController.createCategory(com.tlimskech.marketplace.global.category.Category,org.springframework.web.multipart.MultipartFile)
2019-12-08 18:12:24,237 INFO org.apache.commons.logging.impl.Jdk14Logger [restartedMain] Mapped "{[/categories/parentCategories],methods=[GET]}" onto public org.springframework.http.ResponseEntity<?> com.tlimskech.marketplace.global.category.CategoryController.parentCategories()
2019-12-08 18:12:24,237 INFO org.apache.commons.logging.impl.Jdk14Logger [restartedMain] Mapped "{[/categories/findByParentCategory/{parentId}],methods=[GET]}" onto public org.springframework.http.ResponseEntity<?> com.tlimskech.marketplace.global.category.CategoryController.findByParentCategory(java.lang.Long)
2019-12-08 18:12:24,238 INFO org.apache.commons.logging.impl.Jdk14Logger [restartedMain] Mapped "{[/api/contacts/findAll],methods=[POST]}" onto public org.springframework.http.ResponseEntity<?> com.tlimskech.marketplace.global.contact.ContactController.create(com.tlimskech.marketplace.core.data.SearchRequest)
2019-12-08 18:12:24,239 INFO org.apache.commons.logging.impl.Jdk14Logger [restartedMain] Mapped "{[/api/contacts/create],methods=[POST]}" onto public org.springframework.http.ResponseEntity<?> com.tlimskech.marketplace.global.contact.ContactController.create(com.tlimskech.marketplace.global.contact.Contact)
2019-12-08 18:12:24,242 INFO org.apache.commons.logging.impl.Jdk14Logger [restartedMain] Mapped "{[/picklists/list],methods=[GET]}" onto public org.springframework.http.ResponseEntity<?> com.tlimskech.marketplace.global.picklist.PicklistController.list()
2019-12-08 18:12:24,242 INFO org.apache.commons.logging.impl.Jdk14Logger [restartedMain] Mapped "{[/picklists/findAll],methods=[POST]}" onto public org.springframework.http.ResponseEntity<?> com.tlimskech.marketplace.global.picklist.PicklistController.findAll(com.tlimskech.marketplace.core.data.SearchRequest)
2019-12-08 18:12:24,243 INFO org.apache.commons.logging.impl.Jdk14Logger [restartedMain] Mapped "{[/picklists/create],methods=[POST]}" onto public org.springframework.http.ResponseEntity<?> com.tlimskech.marketplace.global.picklist.PicklistController.createCategory(com.tlimskech.marketplace.global.picklist.Picklist)
2019-12-08 18:12:24,243 INFO org.apache.commons.logging.impl.Jdk14Logger [restartedMain] Mapped "{[/picklists/findByListTypeAndCategoryAndParent/{listType}/{catCode}/{subcatCode}/{parentCode}],methods=[GET]}" onto public org.springframework.http.ResponseEntity<?> com.tlimskech.marketplace.global.picklist.PicklistController.findByListTypeAndCategoryAndParent(java.lang.String,java.lang.String,java.lang.String,java.lang.String)
2019-12-08 18:12:24,243 INFO org.apache.commons.logging.impl.Jdk14Logger [restartedMain] Mapped "{[/picklists/findByListTypeAndCategory/{listType}/{catCode}/{subcatCode}],methods=[GET]}" onto public org.springframework.http.ResponseEntity<?> com.tlimskech.marketplace.global.picklist.PicklistController.findByListTypeAndCategory(java.lang.String,java.lang.String,java.lang.String)
2019-12-08 18:12:24,244 INFO org.apache.commons.logging.impl.Jdk14Logger [restartedMain] Mapped "{[/picklists/findSubList/{parentId}],methods=[GET]}" onto public org.springframework.http.ResponseEntity<?> com.tlimskech.marketplace.global.picklist.PicklistController.findByParentCategory(java.lang.Long)
2019-12-08 18:12:24,244 INFO org.apache.commons.logging.impl.Jdk14Logger [restartedMain] Mapped "{[/picklists/findByPickListType/{picklistType}],methods=[GET]}" onto public org.springframework.http.ResponseEntity<?> com.tlimskech.marketplace.global.picklist.PicklistController.findByPickListType(java.lang.String)
2019-12-08 18:12:24,244 INFO org.apache.commons.logging.impl.Jdk14Logger [restartedMain] Mapped "{[/picklists/getListByCategory],methods=[POST]}" onto public org.springframework.http.ResponseEntity<?> com.tlimskech.marketplace.global.picklist.PicklistController.findByCategoryAndPickListType(com.tlimskech.marketplace.global.picklist.Picklist)
2019-12-08 18:12:24,245 INFO org.apache.commons.logging.impl.Jdk14Logger [restartedMain] Mapped "{[/],methods=[GET]}" onto public java.lang.String com.tlimskech.marketplace.IndexController.index()
2019-12-08 18:12:24,246 INFO org.apache.commons.logging.impl.Jdk14Logger [restartedMain] Mapped "{[/tlims/**],methods=[GET]}" onto public java.lang.String com.tlimskech.marketplace.IndexController.tlims()
2019-12-08 18:12:24,246 INFO org.apache.commons.logging.impl.Jdk14Logger [restartedMain] Mapped "{[/messages/create],methods=[POST]}" onto public org.springframework.http.ResponseEntity<?> com.tlimskech.marketplace.messaging.MessageController.addMessage(com.tlimskech.marketplace.messaging.Message)
2019-12-08 18:12:24,247 INFO org.apache.commons.logging.impl.Jdk14Logger [restartedMain] Mapped "{[/api/messages/getAllUserMessages],methods=[POST]}" onto public org.springframework.http.ResponseEntity<?> com.tlimskech.marketplace.messaging.MessageController.getUserMessages(com.tlimskech.marketplace.core.data.SearchRequest)
2019-12-08 18:12:24,247 INFO org.apache.commons.logging.impl.Jdk14Logger [restartedMain] Mapped "{[/storage/{key}],methods=[GET]}" onto public void com.tlimskech.marketplace.storage.StorageController.download(java.lang.String,javax.servlet.http.HttpServletResponse)
2019-12-08 18:12:24,249 INFO org.apache.commons.logging.impl.Jdk14Logger [restartedMain] Mapped "{[/error]}" onto public org.springframework.http.ResponseEntity<java.util.Map<java.lang.String, java.lang.Object>> org.springframework.boot.autoconfigure.web.servlet.error.BasicErrorController.error(javax.servlet.http.HttpServletRequest)
2019-12-08 18:12:24,250 INFO org.apache.commons.logging.impl.Jdk14Logger [restartedMain] Mapped "{[/error],produces=[text/html]}" onto public org.springframework.web.servlet.ModelAndView org.springframework.boot.autoconfigure.web.servlet.error.BasicErrorController.errorHtml(javax.servlet.http.HttpServletRequest,javax.servlet.http.HttpServletResponse)
2019-12-08 18:12:24,288 INFO org.apache.commons.logging.impl.Jdk14Logger [restartedMain] Mapped URL path [/webjars/**] onto handler of type [class org.springframework.web.servlet.resource.ResourceHttpRequestHandler]
2019-12-08 18:12:24,288 INFO org.apache.commons.logging.impl.Jdk14Logger [restartedMain] Mapped URL path [/**] onto handler of type [class org.springframework.web.servlet.resource.ResourceHttpRequestHandler]
2019-12-08 18:12:24,307 INFO org.apache.commons.logging.impl.Jdk14Logger [restartedMain] Detected @ExceptionHandler methods in errorControllerAdvice
2019-12-08 18:12:24,360 INFO org.apache.commons.logging.impl.Jdk14Logger [restartedMain] Adding welcome page template: index
2019-12-08 18:12:24,901 INFO org.apache.commons.logging.impl.Jdk14Logger [restartedMain] LiveReload server is running on port 35729
2019-12-08 18:12:24,970 INFO org.apache.commons.logging.impl.Jdk14Logger [restartedMain] Default credentials provider for service account tlims-257311@appspot.gserviceaccount.com
2019-12-08 18:12:24,970 INFO org.apache.commons.logging.impl.Jdk14Logger [restartedMain] Scopes in use by default credentials: [https://www.googleapis.com/auth/pubsub, https://www.googleapis.com/auth/sqlservice.admin, https://www.googleapis.com/auth/devstorage.read_only, https://www.googleapis.com/auth/devstorage.read_write, https://www.googleapis.com/auth/trace.append, https://www.googleapis.com/auth/cloud-platform]
2019-12-08 18:12:26,291 INFO org.apache.commons.logging.impl.Jdk14Logger [restartedMain] The default project ID is tlims-257311
2019-12-08 18:12:26,330 INFO org.apache.commons.logging.impl.Jdk14Logger [restartedMain] Exposing 2 endpoint(s) beneath base path '/actuator'
2019-12-08 18:12:26,348 INFO org.apache.commons.logging.impl.Jdk14Logger [restartedMain] Mapped "{[/actuator/health],methods=[GET],produces=[application/vnd.spring-boot.actuator.v2+json || application/json]}" onto public java.lang.Object org.springframework.boot.actuate.endpoint.web.servlet.AbstractWebMvcEndpointHandlerMapping$OperationHandler.handle(javax.servlet.http.HttpServletRequest,java.util.Map<java.lang.String, java.lang.String>)
2019-12-08 18:12:26,349 INFO org.apache.commons.logging.impl.Jdk14Logger [restartedMain] Mapped "{[/actuator/info],methods=[GET],produces=[application/vnd.spring-boot.actuator.v2+json || application/json]}" onto public java.lang.Object org.springframework.boot.actuate.endpoint.web.servlet.AbstractWebMvcEndpointHandlerMapping$OperationHandler.handle(javax.servlet.http.HttpServletRequest,java.util.Map<java.lang.String, java.lang.String>)
2019-12-08 18:12:26,349 INFO org.apache.commons.logging.impl.Jdk14Logger [restartedMain] Mapped "{[/actuator],methods=[GET],produces=[application/vnd.spring-boot.actuator.v2+json || application/json]}" onto protected java.util.Map<java.lang.String, java.util.Map<java.lang.String, org.springframework.boot.actuate.endpoint.web.Link>> org.springframework.boot.actuate.endpoint.web.servlet.WebMvcEndpointHandlerMapping.links(javax.servlet.http.HttpServletRequest,javax.servlet.http.HttpServletResponse)
2019-12-08 18:12:26,427 INFO org.apache.commons.logging.impl.Jdk14Logger [restartedMain] Registering beans for JMX exposure on startup
2019-12-08 18:12:26,428 INFO org.apache.commons.logging.impl.Jdk14Logger [restartedMain] Bean with name 'dataSource' has been autodetected for JMX exposure
2019-12-08 18:12:26,435 INFO org.apache.commons.logging.impl.Jdk14Logger [restartedMain] Located MBean 'dataSource': registering with JMX server as MBean [com.zaxxer.hikari:name=dataSource,type=HikariDataSource]
2019-12-08 18:12:26,452 INFO org.apache.commons.logging.impl.Jdk14Logger [restartedMain] No TaskScheduler/ScheduledExecutorService bean found for scheduled processing
2019-12-08 18:12:26,481 INFO org.apache.commons.logging.impl.Jdk14Logger [restartedMain] Tomcat started on port(s): 9000 (http) with context path ''
2019-12-08 18:12:26,485 INFO org.apache.commons.logging.impl.Jdk14Logger [restartedMain] Started MarketplaceApplication in 13.971 seconds (JVM running for 14.987)
2019-12-08 18:12:26,877 INFO org.apache.juli.logging.DirectJDKLog [RMI TCP Connection(3)-192.168.43.193] Initializing Spring FrameworkServlet 'dispatcherServlet'
2019-12-08 18:12:26,879 INFO org.apache.commons.logging.impl.Jdk14Logger [RMI TCP Connection(3)-192.168.43.193] FrameworkServlet 'dispatcherServlet': initialization started
2019-12-08 18:12:26,892 INFO org.apache.commons.logging.impl.Jdk14Logger [RMI TCP Connection(3)-192.168.43.193] FrameworkServlet 'dispatcherServlet': initialization completed in 13 ms
